Flow report for Lab6
Mon May 15 09:54:01 2023
Quartus II 64-Bit Version 13.0.1 Build 232 06/12/2013 Service Pack 1 SJ Web Edition


---------------------
; Table of Contents ;
---------------------
  1. Legal Notice
  2. Flow Summary
  3. Flow Settings
  4. Flow Non-Default Global Settings
  5. Flow Elapsed Time
  6. Flow OS Summary
  7. Flow Log
  8. Flow Messages
  9. Flow Suppressed Messages



----------------
; Legal Notice ;
----------------
Copyright (C) 1991-2013 Altera Corporation
Your use of Altera Corporation's design tools, logic functions 
and other software and tools, and its AMPP partner logic 
functions, and any output files from any of the foregoing 
(including device programming or simulation files), and any 
associated documentation or information are expressly subject 
to the terms and conditions of the Altera Program License 
Subscription Agreement, Altera MegaCore Function License 
Agreement, or other applicable license agreement, including, 
without limitation, that your use is for the sole purpose of 
programming logic devices manufactured by Altera and sold by 
Altera or its authorized distributors.  Please refer to the 
applicable agreement for further details.



+--------------------------------------------------------------------------------------+
; Flow Summary                                                                         ;
+------------------------------------+-------------------------------------------------+
; Flow Status                        ; Successful - Mon May 15 09:54:01 2023           ;
; Quartus II 64-Bit Version          ; 13.0.1 Build 232 06/12/2013 SP 1 SJ Web Edition ;
; Revision Name                      ; Lab6                                            ;
; Top-level Entity Name              ; HostSystem                                      ;
; Family                             ; Cyclone II                                      ;
; Device                             ; EP2C35F672C6                                    ;
; Timing Models                      ; Final                                           ;
; Total logic elements               ; 0 / 33,216 ( 0 % )                              ;
;     Total combinational functions  ; 0 / 33,216 ( 0 % )                              ;
;     Dedicated logic registers      ; 0 / 33,216 ( 0 % )                              ;
; Total registers                    ; 0                                               ;
; Total pins                         ; 2 / 475 ( < 1 % )                               ;
; Total virtual pins                 ; 0                                               ;
; Total memory bits                  ; 0 / 483,840 ( 0 % )                             ;
; Embedded Multiplier 9-bit elements ; 0 / 70 ( 0 % )                                  ;
; Total PLLs                         ; 0 / 4 ( 0 % )                                   ;
+------------------------------------+-------------------------------------------------+


+-----------------------------------------+
; Flow Settings                           ;
+-------------------+---------------------+
; Option            ; Setting             ;
+-------------------+---------------------+
; Start date & time ; 05/15/2023 09:53:47 ;
; Main task         ; Compilation         ;
; Revision Name     ; Lab6                ;
+-------------------+---------------------+


+-----------------------------------------------------------------------------------------------------------------------------------------------------------------------------------------------------------------------------------+
; Flow Non-Default Global Settings                                                                                                                                                                                                  ;
+-------------------------------------+--------------------------------------------------------------------------------------------------------------------------+---------------+---------------------------------+----------------+
; Assignment Name                     ; Value                                                                                                                    ; Default Value ; Entity Name                     ; Section Id     ;
+-------------------------------------+--------------------------------------------------------------------------------------------------------------------------+---------------+---------------------------------+----------------+
; COMPILER_SIGNATURE_ID               ; 39908814877223.168415522705452                                                                                           ; --            ; --                              ; --             ;
; EDA_OUTPUT_DATA_FORMAT              ; Vhdl                                                                                                                     ; --            ; --                              ; eda_simulation ;
; EDA_SIMULATION_TOOL                 ; ModelSim-Altera (VHDL)                                                                                                   ; <None>        ; --                              ; --             ;
; IP_TOOL_ENV                         ; Qsys                                                                                                                     ; --            ; HostSystem                      ; --             ;
; IP_TOOL_ENV                         ; Qsys                                                                                                                     ; --            ; HostSystem                      ; --             ;
; IP_TOOL_ENV                         ; Qsys                                                                                                                     ; --            ; HostSystem_addr_router          ; --             ;
; IP_TOOL_ENV                         ; Qsys                                                                                                                     ; --            ; HostSystem_cmd_xbar_demux       ; --             ;
; IP_TOOL_ENV                         ; Qsys                                                                                                                     ; --            ; HostSystem_cmd_xbar_mux         ; --             ;
; IP_TOOL_ENV                         ; Qsys                                                                                                                     ; --            ; HostSystem_cpu                  ; --             ;
; IP_TOOL_ENV                         ; Qsys                                                                                                                     ; --            ; HostSystem_id_router            ; --             ;
; IP_TOOL_ENV                         ; Qsys                                                                                                                     ; --            ; HostSystem_id_router_001        ; --             ;
; IP_TOOL_ENV                         ; Qsys                                                                                                                     ; --            ; HostSystem_irq_mapper           ; --             ;
; IP_TOOL_ENV                         ; Qsys                                                                                                                     ; --            ; HostSystem_memory               ; --             ;
; IP_TOOL_ENV                         ; Qsys                                                                                                                     ; --            ; HostSystem_rsp_xbar_mux         ; --             ;
; IP_TOOL_ENV                         ; Qsys                                                                                                                     ; --            ; altera_avalon_sc_fifo           ; --             ;
; IP_TOOL_ENV                         ; Qsys                                                                                                                     ; --            ; altera_merlin_burst_adapter     ; --             ;
; IP_TOOL_ENV                         ; Qsys                                                                                                                     ; --            ; altera_merlin_master_agent      ; --             ;
; IP_TOOL_ENV                         ; Qsys                                                                                                                     ; --            ; altera_merlin_master_translator ; --             ;
; IP_TOOL_ENV                         ; Qsys                                                                                                                     ; --            ; altera_merlin_slave_agent       ; --             ;
; IP_TOOL_ENV                         ; Qsys                                                                                                                     ; --            ; altera_merlin_slave_translator  ; --             ;
; IP_TOOL_ENV                         ; Qsys                                                                                                                     ; --            ; altera_merlin_width_adapter     ; --             ;
; IP_TOOL_ENV                         ; Qsys                                                                                                                     ; --            ; altera_reset_controller         ; --             ;
; IP_TOOL_NAME                        ; Qsys                                                                                                                     ; --            ; HostSystem                      ; --             ;
; IP_TOOL_NAME                        ; Qsys                                                                                                                     ; --            ; HostSystem                      ; --             ;
; IP_TOOL_NAME                        ; altera_merlin_router                                                                                                     ; --            ; HostSystem_addr_router          ; --             ;
; IP_TOOL_NAME                        ; altera_merlin_demultiplexer                                                                                              ; --            ; HostSystem_cmd_xbar_demux       ; --             ;
; IP_TOOL_NAME                        ; altera_merlin_multiplexer                                                                                                ; --            ; HostSystem_cmd_xbar_mux         ; --             ;
; IP_TOOL_NAME                        ; altera_nios2_qsys                                                                                                        ; --            ; HostSystem_cpu                  ; --             ;
; IP_TOOL_NAME                        ; altera_merlin_router                                                                                                     ; --            ; HostSystem_id_router            ; --             ;
; IP_TOOL_NAME                        ; altera_merlin_router                                                                                                     ; --            ; HostSystem_id_router_001        ; --             ;
; IP_TOOL_NAME                        ; altera_irq_mapper                                                                                                        ; --            ; HostSystem_irq_mapper           ; --             ;
; IP_TOOL_NAME                        ; altera_avalon_onchip_memory2                                                                                             ; --            ; HostSystem_memory               ; --             ;
; IP_TOOL_NAME                        ; altera_merlin_multiplexer                                                                                                ; --            ; HostSystem_rsp_xbar_mux         ; --             ;
; IP_TOOL_NAME                        ; altera_avalon_sc_fifo                                                                                                    ; --            ; altera_avalon_sc_fifo           ; --             ;
; IP_TOOL_NAME                        ; altera_merlin_burst_adapter                                                                                              ; --            ; altera_merlin_burst_adapter     ; --             ;
; IP_TOOL_NAME                        ; altera_merlin_master_agent                                                                                               ; --            ; altera_merlin_master_agent      ; --             ;
; IP_TOOL_NAME                        ; altera_merlin_master_translator                                                                                          ; --            ; altera_merlin_master_translator ; --             ;
; IP_TOOL_NAME                        ; altera_merlin_slave_agent                                                                                                ; --            ; altera_merlin_slave_agent       ; --             ;
; IP_TOOL_NAME                        ; altera_merlin_slave_translator                                                                                           ; --            ; altera_merlin_slave_translator  ; --             ;
; IP_TOOL_NAME                        ; altera_merlin_width_adapter                                                                                              ; --            ; altera_merlin_width_adapter     ; --             ;
; IP_TOOL_NAME                        ; altera_reset_controller                                                                                                  ; --            ; altera_reset_controller         ; --             ;
; IP_TOOL_VERSION                     ; 13.0sp1                                                                                                                  ; --            ; HostSystem                      ; --             ;
; IP_TOOL_VERSION                     ; 13.0sp1                                                                                                                  ; --            ; HostSystem                      ; --             ;
; IP_TOOL_VERSION                     ; 13.0                                                                                                                     ; --            ; HostSystem_addr_router          ; --             ;
; IP_TOOL_VERSION                     ; 13.0                                                                                                                     ; --            ; HostSystem_cmd_xbar_demux       ; --             ;
; IP_TOOL_VERSION                     ; 13.0                                                                                                                     ; --            ; HostSystem_cmd_xbar_mux         ; --             ;
; IP_TOOL_VERSION                     ; 13.0                                                                                                                     ; --            ; HostSystem_cpu                  ; --             ;
; IP_TOOL_VERSION                     ; 13.0                                                                                                                     ; --            ; HostSystem_id_router            ; --             ;
; IP_TOOL_VERSION                     ; 13.0                                                                                                                     ; --            ; HostSystem_id_router_001        ; --             ;
; IP_TOOL_VERSION                     ; 13.0                                                                                                                     ; --            ; HostSystem_irq_mapper           ; --             ;
; IP_TOOL_VERSION                     ; 13.0.1.99.2                                                                                                              ; --            ; HostSystem_memory               ; --             ;
; IP_TOOL_VERSION                     ; 13.0                                                                                                                     ; --            ; HostSystem_rsp_xbar_mux         ; --             ;
; IP_TOOL_VERSION                     ; 13.0                                                                                                                     ; --            ; altera_avalon_sc_fifo           ; --             ;
; IP_TOOL_VERSION                     ; 13.0                                                                                                                     ; --            ; altera_merlin_burst_adapter     ; --             ;
; IP_TOOL_VERSION                     ; 13.0                                                                                                                     ; --            ; altera_merlin_master_agent      ; --             ;
; IP_TOOL_VERSION                     ; 13.0                                                                                                                     ; --            ; altera_merlin_master_translator ; --             ;
; IP_TOOL_VERSION                     ; 13.0                                                                                                                     ; --            ; altera_merlin_slave_agent       ; --             ;
; IP_TOOL_VERSION                     ; 13.0                                                                                                                     ; --            ; altera_merlin_slave_translator  ; --             ;
; IP_TOOL_VERSION                     ; 13.0                                                                                                                     ; --            ; altera_merlin_width_adapter     ; --             ;
; IP_TOOL_VERSION                     ; 13.0                                                                                                                     ; --            ; altera_reset_controller         ; --             ;
; MAX_CORE_JUNCTION_TEMP              ; 85                                                                                                                       ; --            ; --                              ; --             ;
; MIN_CORE_JUNCTION_TEMP              ; 0                                                                                                                        ; --            ; --                              ; --             ;
; MISC_FILE                           ; HostSystem/simulation/../../HostSystem.qsys                                                                              ; --            ; --                              ; --             ;
; MISC_FILE                           ; HostSystem/simulation/HostSystem.vhd                                                                                     ; --            ; --                              ; --             ;
; MISC_FILE                           ; HostSystem/simulation/hostsystem_memory_s1_translator.vhd                                                                ; --            ; --                              ; --             ;
; MISC_FILE                           ; HostSystem/simulation/hostsystem_bram_0_avalon_slave_0_translator.vhd                                                    ; --            ; --                              ; --             ;
; MISC_FILE                           ; HostSystem/simulation/hostsystem_memory_s1_translator_avalon_universal_slave_0_agent.vhd                                 ; --            ; --                              ; --             ;
; MISC_FILE                           ; HostSystem/simulation/hostsystem_bram_0_avalon_slave_0_translator_avalon_universal_slave_0_agent.vhd                     ; --            ; --                              ; --             ;
; MISC_FILE                           ; HostSystem/simulation/hostsystem_width_adapter.vhd                                                                       ; --            ; --                              ; --             ;
; MISC_FILE                           ; HostSystem/simulation/hostsystem_width_adapter_001.vhd                                                                   ; --            ; --                              ; --             ;
; MISC_FILE                           ; HostSystem/simulation/hostsystem_cpu_instruction_master_translator.vhd                                                   ; --            ; --                              ; --             ;
; MISC_FILE                           ; HostSystem/simulation/hostsystem_cpu_data_master_translator.vhd                                                          ; --            ; --                              ; --             ;
; MISC_FILE                           ; HostSystem/simulation/submodules/HostSystem_irq_mapper.vho                                                               ; --            ; --                              ; --             ;
; MISC_FILE                           ; HostSystem/simulation/submodules/mentor/altera_merlin_width_adapter.sv                                                   ; --            ; --                              ; --             ;
; MISC_FILE                           ; HostSystem/simulation/submodules/mentor/altera_merlin_address_alignment.sv                                               ; --            ; --                              ; --             ;
; MISC_FILE                           ; HostSystem/simulation/submodules/mentor/altera_merlin_burst_uncompressor.sv                                              ; --            ; --                              ; --             ;
; MISC_FILE                           ; HostSystem/simulation/submodules/aldec/altera_merlin_width_adapter.sv                                                    ; --            ; --                              ; --             ;
; MISC_FILE                           ; HostSystem/simulation/submodules/aldec/altera_merlin_address_alignment.sv                                                ; --            ; --                              ; --             ;
; MISC_FILE                           ; HostSystem/simulation/submodules/aldec/altera_merlin_burst_uncompressor.sv                                               ; --            ; --                              ; --             ;
; MISC_FILE                           ; HostSystem/simulation/submodules/HostSystem_rsp_xbar_mux.vho                                                             ; --            ; --                              ; --             ;
; MISC_FILE                           ; HostSystem/simulation/submodules/HostSystem_cmd_xbar_mux.vho                                                             ; --            ; --                              ; --             ;
; MISC_FILE                           ; HostSystem/simulation/submodules/HostSystem_cmd_xbar_demux.vho                                                           ; --            ; --                              ; --             ;
; MISC_FILE                           ; HostSystem/simulation/submodules/mentor/altera_reset_controller.v                                                        ; --            ; --                              ; --             ;
; MISC_FILE                           ; HostSystem/simulation/submodules/mentor/altera_reset_synchronizer.v                                                      ; --            ; --                              ; --             ;
; MISC_FILE                           ; HostSystem/simulation/submodules/aldec/altera_reset_controller.v                                                         ; --            ; --                              ; --             ;
; MISC_FILE                           ; HostSystem/simulation/submodules/aldec/altera_reset_synchronizer.v                                                       ; --            ; --                              ; --             ;
; MISC_FILE                           ; HostSystem/simulation/submodules/mentor/altera_merlin_burst_adapter.sv                                                   ; --            ; --                              ; --             ;
; MISC_FILE                           ; HostSystem/simulation/submodules/aldec/altera_merlin_burst_adapter.sv                                                    ; --            ; --                              ; --             ;
; MISC_FILE                           ; HostSystem/simulation/submodules/HostSystem_id_router_001.vho                                                            ; --            ; --                              ; --             ;
; MISC_FILE                           ; HostSystem/simulation/submodules/HostSystem_id_router.vho                                                                ; --            ; --                              ; --             ;
; MISC_FILE                           ; HostSystem/simulation/submodules/HostSystem_addr_router.vho                                                              ; --            ; --                              ; --             ;
; MISC_FILE                           ; HostSystem/simulation/submodules/HostSystem_bram_0_avalon_slave_0_translator_avalon_universal_slave_0_agent_rsp_fifo.vho ; --            ; --                              ; --             ;
; MISC_FILE                           ; HostSystem/simulation/submodules/HostSystem_memory_s1_translator_avalon_universal_slave_0_agent_rsp_fifo.vho             ; --            ; --                              ; --             ;
; MISC_FILE                           ; HostSystem/simulation/submodules/mentor/altera_merlin_slave_agent.sv                                                     ; --            ; --                              ; --             ;
; MISC_FILE                           ; HostSystem/simulation/submodules/aldec/altera_merlin_slave_agent.sv                                                      ; --            ; --                              ; --             ;
; MISC_FILE                           ; HostSystem/simulation/submodules/mentor/altera_merlin_master_agent.sv                                                    ; --            ; --                              ; --             ;
; MISC_FILE                           ; HostSystem/simulation/submodules/aldec/altera_merlin_master_agent.sv                                                     ; --            ; --                              ; --             ;
; MISC_FILE                           ; HostSystem/simulation/submodules/mentor/altera_merlin_slave_translator.sv                                                ; --            ; --                              ; --             ;
; MISC_FILE                           ; HostSystem/simulation/submodules/aldec/altera_merlin_slave_translator.sv                                                 ; --            ; --                              ; --             ;
; MISC_FILE                           ; HostSystem/simulation/submodules/mentor/altera_merlin_master_translator.sv                                               ; --            ; --                              ; --             ;
; MISC_FILE                           ; HostSystem/simulation/submodules/aldec/altera_merlin_master_translator.sv                                                ; --            ; --                              ; --             ;
; MISC_FILE                           ; HostSystem/simulation/submodules/BRAM.vhd                                                                                ; --            ; --                              ; --             ;
; MISC_FILE                           ; HostSystem/simulation/submodules/qbram.vhd                                                                               ; --            ; --                              ; --             ;
; MISC_FILE                           ; HostSystem/simulation/submodules/HostSystem_cpu.vhd                                                                      ; --            ; --                              ; --             ;
; MISC_FILE                           ; HostSystem/simulation/submodules/HostSystem_cpu_nios2_waves.do                                                           ; --            ; --                              ; --             ;
; MISC_FILE                           ; HostSystem/simulation/submodules/HostSystem_cpu_rf_ram_a.dat                                                             ; --            ; --                              ; --             ;
; MISC_FILE                           ; HostSystem/simulation/submodules/HostSystem_cpu_rf_ram_a.hex                                                             ; --            ; --                              ; --             ;
; MISC_FILE                           ; HostSystem/simulation/submodules/HostSystem_cpu_rf_ram_a.mif                                                             ; --            ; --                              ; --             ;
; MISC_FILE                           ; HostSystem/simulation/submodules/HostSystem_cpu_rf_ram_b.dat                                                             ; --            ; --                              ; --             ;
; MISC_FILE                           ; HostSystem/simulation/submodules/HostSystem_cpu_rf_ram_b.hex                                                             ; --            ; --                              ; --             ;
; MISC_FILE                           ; HostSystem/simulation/submodules/HostSystem_cpu_rf_ram_b.mif                                                             ; --            ; --                              ; --             ;
; MISC_FILE                           ; HostSystem/simulation/submodules/HostSystem_cpu_test_bench.vhd                                                           ; --            ; --                              ; --             ;
; MISC_FILE                           ; HostSystem/simulation/submodules/HostSystem_memory.hex                                                                   ; --            ; --                              ; --             ;
; MISC_FILE                           ; HostSystem/simulation/submodules/HostSystem_memory.vhd                                                                   ; --            ; --                              ; --             ;
; MISC_FILE                           ; HostSystem/synthesis/../../HostSystem.cmp                                                                                ; --            ; --                              ; --             ;
; MISC_FILE                           ; HostSystem/synthesis/../../HostSystem.qsys                                                                               ; --            ; --                              ; --             ;
; PARTITION_COLOR                     ; 16764057                                                                                                                 ; --            ; HostSystem                      ; Top            ;
; PARTITION_FITTER_PRESERVATION_LEVEL ; PLACEMENT_AND_ROUTING                                                                                                    ; --            ; HostSystem                      ; Top            ;
; PARTITION_NETLIST_TYPE              ; SOURCE                                                                                                                   ; --            ; HostSystem                      ; Top            ;
; POWER_BOARD_THERMAL_MODEL           ; None (CONSERVATIVE)                                                                                                      ; --            ; --                              ; --             ;
; POWER_PRESET_COOLING_SOLUTION       ; 23 MM HEAT SINK WITH 200 LFPM AIRFLOW                                                                                    ; --            ; --                              ; --             ;
; PROJECT_OUTPUT_DIRECTORY            ; output_files                                                                                                             ; --            ; --                              ; --             ;
; SEARCH_PATH                         ; software/teste9/mem_init/                                                                                                ; --            ; --                              ; --             ;
; SEARCH_PATH                         ; software/Lab6/mem_init/                                                                                                  ; --            ; --                              ; --             ;
; SLD_INFO                            ; QSYS_NAME HostSystem HAS_SOPCINFO 1 GENERATION_ID 1683767829                                                             ; --            ; HostSystem                      ; --             ;
; SOPCINFO_FILE                       ; HostSystem/synthesis/../../HostSystem.sopcinfo                                                                           ; --            ; --                              ; --             ;
; SPD_FILE                            ; HostSystem/simulation/../../HostSystem.spd                                                                               ; --            ; --                              ; --             ;
; SYNTHESIS_ONLY_QIP                  ; On                                                                                                                       ; --            ; --                              ; --             ;
; TOP_LEVEL_ENTITY                    ; HostSystem                                                                                                               ; Lab6          ; --                              ; --             ;
+-------------------------------------+--------------------------------------------------------------------------------------------------------------------------+---------------+---------------------------------+----------------+


+-------------------------------------------------------------------------------------------------------------------------------+
; Flow Elapsed Time                                                                                                             ;
+---------------------------+--------------+-------------------------+---------------------+------------------------------------+
; Module Name               ; Elapsed Time ; Average Processors Used ; Peak Virtual Memory ; Total CPU Time (on all processors) ;
+---------------------------+--------------+-------------------------+---------------------+------------------------------------+
; Analysis & Synthesis      ; 00:00:04     ; 1.0                     ; 4682 MB             ; 00:00:02                           ;
; Fitter                    ; 00:00:04     ; 6.0                     ; 5809 MB             ; 00:00:02                           ;
; Assembler                 ; 00:00:02     ; 1.0                     ; 4581 MB             ; 00:00:01                           ;
; TimeQuest Timing Analyzer ; 00:00:01     ; 1.0                     ; 4586 MB             ; 00:00:00                           ;
; EDA Netlist Writer        ; 00:00:01     ; 1.0                     ; 4527 MB             ; 00:00:00                           ;
; Total                     ; 00:00:12     ; --                      ; --                  ; 00:00:05                           ;
+---------------------------+--------------+-------------------------+---------------------+------------------------------------+


+----------------------------------------------------------------------------------------+
; Flow OS Summary                                                                        ;
+---------------------------+------------------+-----------+------------+----------------+
; Module Name               ; Machine Hostname ; OS Name   ; OS Version ; Processor type ;
+---------------------------+------------------+-----------+------------+----------------+
; Analysis & Synthesis      ; MATH-G15         ; Windows 7 ; 6.2        ; x86_64         ;
; Fitter                    ; MATH-G15         ; Windows 7 ; 6.2        ; x86_64         ;
; Assembler                 ; MATH-G15         ; Windows 7 ; 6.2        ; x86_64         ;
; TimeQuest Timing Analyzer ; MATH-G15         ; Windows 7 ; 6.2        ; x86_64         ;
; EDA Netlist Writer        ; MATH-G15         ; Windows 7 ; 6.2        ; x86_64         ;
+---------------------------+------------------+-----------+------------+----------------+


------------
; Flow Log ;
------------
quartus_map --read_settings_files=on --write_settings_files=off Lab6 -c Lab6
quartus_fit --read_settings_files=off --write_settings_files=off Lab6 -c Lab6
quartus_asm --read_settings_files=off --write_settings_files=off Lab6 -c Lab6
quartus_sta Lab6 -c Lab6
quartus_eda --read_settings_files=off --write_settings_files=off Lab6 -c Lab6



