TimeQuest Timing Analyzer report for cont_57
Mon Mar 27 19:37:09 2023
Quartus II 64-Bit Version 13.0.1 Build 232 06/12/2013 Service Pack 1 SJ Web Edition


---------------------
; Table of Contents ;
---------------------
  1. Legal Notice
  2. TimeQuest Timing Analyzer Summary
  3. Parallel Compilation
  4. Clocks
  5. Slow Model Fmax Summary
  6. Slow Model Setup Summary
  7. Slow Model Hold Summary
  8. Slow Model Recovery Summary
  9. Slow Model Removal Summary
 10. Slow Model Minimum Pulse Width Summary
 11. Slow Model Setup: 'clk'
 12. Slow Model Hold: 'clk'
 13. Slow Model Minimum Pulse Width: 'clk'
 14. Setup Times
 15. Hold Times
 16. Clock to Output Times
 17. Minimum Clock to Output Times
 18. Fast Model Setup Summary
 19. Fast Model Hold Summary
 20. Fast Model Recovery Summary
 21. Fast Model Removal Summary
 22. Fast Model Minimum Pulse Width Summary
 23. Fast Model Setup: 'clk'
 24. Fast Model Hold: 'clk'
 25. Fast Model Minimum Pulse Width: 'clk'
 26. Setup Times
 27. Hold Times
 28. Clock to Output Times
 29. Minimum Clock to Output Times
 30. Multicorner Timing Analysis Summary
 31. Setup Times
 32. Hold Times
 33. Clock to Output Times
 34. Minimum Clock to Output Times
 35. Setup Transfers
 36. Hold Transfers
 37. Report TCCS
 38. Report RSKM
 39. Unconstrained Paths
 40. TimeQuest Timing Analyzer Messages



----------------
; Legal Notice ;
----------------
Copyright (C) 1991-2013 Altera Corporation
Your use of Altera Corporation's design tools, logic functions 
and other software and tools, and its AMPP partner logic 
functions, and any output files from any of the foregoing 
(including device programming or simulation files), and any 
associated documentation or information are expressly subject 
to the terms and conditions of the Altera Program License 
Subscription Agreement, Altera MegaCore Function License 
Agreement, or other applicable license agreement, including, 
without limitation, that your use is for the sole purpose of 
programming logic devices manufactured by Altera and sold by 
Altera or its authorized distributors.  Please refer to the 
applicable agreement for further details.



+----------------------------------------------------------------------------------------+
; TimeQuest Timing Analyzer Summary                                                      ;
+--------------------+-------------------------------------------------------------------+
; Quartus II Version ; Version 13.0.1 Build 232 06/12/2013 Service Pack 1 SJ Web Edition ;
; Revision Name      ; cont_57                                                           ;
; Device Family      ; Cyclone II                                                        ;
; Device Name        ; EP2C35F672C6                                                      ;
; Timing Models      ; Final                                                             ;
; Delay Model        ; Combined                                                          ;
; Rise/Fall Delays   ; Unavailable                                                       ;
+--------------------+-------------------------------------------------------------------+


+------------------------------------------+
; Parallel Compilation                     ;
+----------------------------+-------------+
; Processors                 ; Number      ;
+----------------------------+-------------+
; Number detected on machine ; 16          ;
; Maximum allowed            ; 16          ;
;                            ;             ;
; Average used               ; 1.00        ;
; Maximum used               ; 1           ;
;                            ;             ;
; Usage by Processor         ; % Time Used ;
;     Processor 1            ; 100.0%      ;
;     Processors 2-16        ;   0.0%      ;
+----------------------------+-------------+


+---------------------------------------------------------------------------------------------------------------------------------------------------------------------------------+
; Clocks                                                                                                                                                                          ;
+------------+------+--------+------------+-------+-------+------------+-----------+-------------+-------+--------+-----------+------------+----------+--------+--------+---------+
; Clock Name ; Type ; Period ; Frequency  ; Rise  ; Fall  ; Duty Cycle ; Divide by ; Multiply by ; Phase ; Offset ; Edge List ; Edge Shift ; Inverted ; Master ; Source ; Targets ;
+------------+------+--------+------------+-------+-------+------------+-----------+-------------+-------+--------+-----------+------------+----------+--------+--------+---------+
; clk        ; Base ; 1.000  ; 1000.0 MHz ; 0.000 ; 0.500 ;            ;           ;             ;       ;        ;           ;            ;          ;        ;        ; { clk } ;
+------------+------+--------+------------+-------+-------+------------+-----------+-------------+-------+--------+-----------+------------+----------+--------+--------+---------+


+--------------------------------------------------+
; Slow Model Fmax Summary                          ;
+------------+-----------------+------------+------+
; Fmax       ; Restricted Fmax ; Clock Name ; Note ;
+------------+-----------------+------------+------+
; 404.86 MHz ; 404.86 MHz      ; clk        ;      ;
+------------+-----------------+------------+------+
This panel reports FMAX for every clock in the design, regardless of the user-specified clock periods.  FMAX is only computed for paths where the source and destination registers or ports are driven by the same clock.  Paths of different clocks, including generated clocks, are ignored.  For paths between a clock and its inversion, FMAX is computed as if the rising and falling edges are scaled along with FMAX, such that the duty cycle (in terms of a percentage) is maintained. Altera recommends that you always use clock constraints and other slack reports for sign-off analysis.


+--------------------------------+
; Slow Model Setup Summary       ;
+-------+--------+---------------+
; Clock ; Slack  ; End Point TNS ;
+-------+--------+---------------+
; clk   ; -1.470 ; -10.268       ;
+-------+--------+---------------+


+-------------------------------+
; Slow Model Hold Summary       ;
+-------+-------+---------------+
; Clock ; Slack ; End Point TNS ;
+-------+-------+---------------+
; clk   ; 0.391 ; 0.000         ;
+-------+-------+---------------+


-------------------------------
; Slow Model Recovery Summary ;
-------------------------------
No paths to report.


------------------------------
; Slow Model Removal Summary ;
------------------------------
No paths to report.


+----------------------------------------+
; Slow Model Minimum Pulse Width Summary ;
+-------+--------+-----------------------+
; Clock ; Slack  ; End Point TNS         ;
+-------+--------+-----------------------+
; clk   ; -1.380 ; -9.380                ;
+-------+--------+-----------------------+


+------------------------------------------------------------------------------------------------------------------------------------------------------------------------------+
; Slow Model Setup: 'clk'                                                                                                                                                      ;
+--------+-----------------------------------------------+-----------------------------------------------+--------------+-------------+--------------+------------+------------+
; Slack  ; From Node                                     ; To Node                                       ; Launch Clock ; Latch Clock ; Relationship ; Clock Skew ; Data Delay ;
+--------+-----------------------------------------------+-----------------------------------------------+--------------+-------------+--------------+------------+------------+
; -1.470 ; cont_10:cont_un|cont4_completo:cont16|CONT[0] ; cont_10:cont_de|cont4_completo:cont16|CONT[0] ; clk          ; clk         ; 1.000        ; -0.001     ; 2.505      ;
; -1.339 ; cont_10:cont_un|cont4_completo:cont16|CONT[0] ; cont_10:cont_un|cont4_completo:cont16|CONT[1] ; clk          ; clk         ; 1.000        ; 0.000      ; 2.375      ;
; -1.302 ; cont_10:cont_un|cont4_completo:cont16|CONT[3] ; cont_10:cont_de|cont4_completo:cont16|CONT[2] ; clk          ; clk         ; 1.000        ; -0.001     ; 2.337      ;
; -1.302 ; cont_10:cont_un|cont4_completo:cont16|CONT[3] ; cont_10:cont_de|cont4_completo:cont16|CONT[3] ; clk          ; clk         ; 1.000        ; -0.001     ; 2.337      ;
; -1.299 ; cont_10:cont_de|cont4_completo:cont16|CONT[2] ; cont_10:cont_de|cont4_completo:cont16|CONT[0] ; clk          ; clk         ; 1.000        ; 0.000      ; 2.335      ;
; -1.298 ; cont_10:cont_un|cont4_completo:cont16|CONT[3] ; cont_10:cont_de|cont4_completo:cont16|CONT[1] ; clk          ; clk         ; 1.000        ; -0.001     ; 2.333      ;
; -1.274 ; cont_10:cont_de|cont4_completo:cont16|CONT[1] ; cont_10:cont_de|cont4_completo:cont16|CONT[2] ; clk          ; clk         ; 1.000        ; 0.000      ; 2.310      ;
; -1.274 ; cont_10:cont_de|cont4_completo:cont16|CONT[1] ; cont_10:cont_de|cont4_completo:cont16|CONT[3] ; clk          ; clk         ; 1.000        ; 0.000      ; 2.310      ;
; -1.274 ; cont_10:cont_de|cont4_completo:cont16|CONT[1] ; cont_10:cont_de|cont4_completo:cont16|CONT[1] ; clk          ; clk         ; 1.000        ; 0.000      ; 2.310      ;
; -1.239 ; cont_10:cont_un|cont4_completo:cont16|CONT[1] ; cont_10:cont_de|cont4_completo:cont16|CONT[0] ; clk          ; clk         ; 1.000        ; -0.001     ; 2.274      ;
; -1.232 ; cont_10:cont_de|cont4_completo:cont16|CONT[3] ; cont_10:cont_de|cont4_completo:cont16|CONT[0] ; clk          ; clk         ; 1.000        ; 0.000      ; 2.268      ;
; -1.226 ; cont_10:cont_un|cont4_completo:cont16|CONT[2] ; cont_10:cont_de|cont4_completo:cont16|CONT[2] ; clk          ; clk         ; 1.000        ; -0.001     ; 2.261      ;
; -1.226 ; cont_10:cont_un|cont4_completo:cont16|CONT[2] ; cont_10:cont_de|cont4_completo:cont16|CONT[3] ; clk          ; clk         ; 1.000        ; -0.001     ; 2.261      ;
; -1.222 ; cont_10:cont_un|cont4_completo:cont16|CONT[2] ; cont_10:cont_de|cont4_completo:cont16|CONT[1] ; clk          ; clk         ; 1.000        ; -0.001     ; 2.257      ;
; -1.203 ; cont_10:cont_un|cont4_completo:cont16|CONT[0] ; cont_10:cont_de|cont4_completo:cont16|CONT[2] ; clk          ; clk         ; 1.000        ; -0.001     ; 2.238      ;
; -1.203 ; cont_10:cont_un|cont4_completo:cont16|CONT[0] ; cont_10:cont_de|cont4_completo:cont16|CONT[3] ; clk          ; clk         ; 1.000        ; -0.001     ; 2.238      ;
; -1.203 ; cont_10:cont_un|cont4_completo:cont16|CONT[0] ; cont_10:cont_de|cont4_completo:cont16|CONT[1] ; clk          ; clk         ; 1.000        ; -0.001     ; 2.238      ;
; -1.187 ; cont_10:cont_un|cont4_completo:cont16|CONT[3] ; cont_10:cont_un|cont4_completo:cont16|CONT[0] ; clk          ; clk         ; 1.000        ; 0.000      ; 2.223      ;
; -1.185 ; cont_10:cont_un|cont4_completo:cont16|CONT[3] ; cont_10:cont_un|cont4_completo:cont16|CONT[2] ; clk          ; clk         ; 1.000        ; 0.000      ; 2.221      ;
; -1.185 ; cont_10:cont_un|cont4_completo:cont16|CONT[3] ; cont_10:cont_un|cont4_completo:cont16|CONT[3] ; clk          ; clk         ; 1.000        ; 0.000      ; 2.221      ;
; -1.182 ; cont_10:cont_un|cont4_completo:cont16|CONT[1] ; cont_10:cont_de|cont4_completo:cont16|CONT[2] ; clk          ; clk         ; 1.000        ; -0.001     ; 2.217      ;
; -1.182 ; cont_10:cont_un|cont4_completo:cont16|CONT[1] ; cont_10:cont_de|cont4_completo:cont16|CONT[3] ; clk          ; clk         ; 1.000        ; -0.001     ; 2.217      ;
; -1.178 ; cont_10:cont_un|cont4_completo:cont16|CONT[1] ; cont_10:cont_de|cont4_completo:cont16|CONT[1] ; clk          ; clk         ; 1.000        ; -0.001     ; 2.213      ;
; -1.168 ; cont_10:cont_de|cont4_completo:cont16|CONT[2] ; cont_10:cont_un|cont4_completo:cont16|CONT[1] ; clk          ; clk         ; 1.000        ; 0.001      ; 2.205      ;
; -1.142 ; cont_10:cont_de|cont4_completo:cont16|CONT[0] ; cont_10:cont_de|cont4_completo:cont16|CONT[0] ; clk          ; clk         ; 1.000        ; 0.000      ; 2.178      ;
; -1.125 ; cont_10:cont_un|cont4_completo:cont16|CONT[2] ; cont_10:cont_de|cont4_completo:cont16|CONT[0] ; clk          ; clk         ; 1.000        ; -0.001     ; 2.160      ;
; -1.111 ; cont_10:cont_un|cont4_completo:cont16|CONT[2] ; cont_10:cont_un|cont4_completo:cont16|CONT[0] ; clk          ; clk         ; 1.000        ; 0.000      ; 2.147      ;
; -1.109 ; cont_10:cont_un|cont4_completo:cont16|CONT[2] ; cont_10:cont_un|cont4_completo:cont16|CONT[2] ; clk          ; clk         ; 1.000        ; 0.000      ; 2.145      ;
; -1.109 ; cont_10:cont_un|cont4_completo:cont16|CONT[2] ; cont_10:cont_un|cont4_completo:cont16|CONT[3] ; clk          ; clk         ; 1.000        ; 0.000      ; 2.145      ;
; -1.108 ; cont_10:cont_un|cont4_completo:cont16|CONT[1] ; cont_10:cont_un|cont4_completo:cont16|CONT[1] ; clk          ; clk         ; 1.000        ; 0.000      ; 2.144      ;
; -1.101 ; cont_10:cont_de|cont4_completo:cont16|CONT[3] ; cont_10:cont_un|cont4_completo:cont16|CONT[1] ; clk          ; clk         ; 1.000        ; 0.001      ; 2.138      ;
; -1.081 ; cont_10:cont_de|cont4_completo:cont16|CONT[1] ; cont_10:cont_de|cont4_completo:cont16|CONT[0] ; clk          ; clk         ; 1.000        ; 0.000      ; 2.117      ;
; -1.073 ; cont_10:cont_de|cont4_completo:cont16|CONT[2] ; cont_10:cont_un|cont4_completo:cont16|CONT[0] ; clk          ; clk         ; 1.000        ; 0.001      ; 2.110      ;
; -1.071 ; cont_10:cont_de|cont4_completo:cont16|CONT[2] ; cont_10:cont_un|cont4_completo:cont16|CONT[2] ; clk          ; clk         ; 1.000        ; 0.001      ; 2.108      ;
; -1.071 ; cont_10:cont_de|cont4_completo:cont16|CONT[2] ; cont_10:cont_un|cont4_completo:cont16|CONT[3] ; clk          ; clk         ; 1.000        ; 0.001      ; 2.108      ;
; -1.067 ; cont_10:cont_un|cont4_completo:cont16|CONT[1] ; cont_10:cont_un|cont4_completo:cont16|CONT[0] ; clk          ; clk         ; 1.000        ; 0.000      ; 2.103      ;
; -1.065 ; cont_10:cont_un|cont4_completo:cont16|CONT[1] ; cont_10:cont_un|cont4_completo:cont16|CONT[2] ; clk          ; clk         ; 1.000        ; 0.000      ; 2.101      ;
; -1.065 ; cont_10:cont_un|cont4_completo:cont16|CONT[1] ; cont_10:cont_un|cont4_completo:cont16|CONT[3] ; clk          ; clk         ; 1.000        ; 0.000      ; 2.101      ;
; -1.059 ; cont_10:cont_un|cont4_completo:cont16|CONT[3] ; cont_10:cont_de|cont4_completo:cont16|CONT[0] ; clk          ; clk         ; 1.000        ; -0.001     ; 2.094      ;
; -1.057 ; cont_10:cont_de|cont4_completo:cont16|CONT[0] ; cont_10:cont_de|cont4_completo:cont16|CONT[2] ; clk          ; clk         ; 1.000        ; 0.000      ; 2.093      ;
; -1.057 ; cont_10:cont_de|cont4_completo:cont16|CONT[0] ; cont_10:cont_de|cont4_completo:cont16|CONT[3] ; clk          ; clk         ; 1.000        ; 0.000      ; 2.093      ;
; -1.057 ; cont_10:cont_de|cont4_completo:cont16|CONT[0] ; cont_10:cont_de|cont4_completo:cont16|CONT[1] ; clk          ; clk         ; 1.000        ; 0.000      ; 2.093      ;
; -1.028 ; cont_10:cont_de|cont4_completo:cont16|CONT[2] ; cont_10:cont_de|cont4_completo:cont16|CONT[2] ; clk          ; clk         ; 1.000        ; 0.000      ; 2.064      ;
; -1.028 ; cont_10:cont_de|cont4_completo:cont16|CONT[2] ; cont_10:cont_de|cont4_completo:cont16|CONT[3] ; clk          ; clk         ; 1.000        ; 0.000      ; 2.064      ;
; -1.028 ; cont_10:cont_de|cont4_completo:cont16|CONT[2] ; cont_10:cont_de|cont4_completo:cont16|CONT[1] ; clk          ; clk         ; 1.000        ; 0.000      ; 2.064      ;
; -1.011 ; cont_10:cont_de|cont4_completo:cont16|CONT[0] ; cont_10:cont_un|cont4_completo:cont16|CONT[1] ; clk          ; clk         ; 1.000        ; 0.001      ; 2.048      ;
; -1.006 ; cont_10:cont_de|cont4_completo:cont16|CONT[3] ; cont_10:cont_un|cont4_completo:cont16|CONT[0] ; clk          ; clk         ; 1.000        ; 0.001      ; 2.043      ;
; -1.004 ; cont_10:cont_de|cont4_completo:cont16|CONT[3] ; cont_10:cont_un|cont4_completo:cont16|CONT[2] ; clk          ; clk         ; 1.000        ; 0.001      ; 2.041      ;
; -1.004 ; cont_10:cont_de|cont4_completo:cont16|CONT[3] ; cont_10:cont_un|cont4_completo:cont16|CONT[3] ; clk          ; clk         ; 1.000        ; 0.001      ; 2.041      ;
; -0.994 ; cont_10:cont_un|cont4_completo:cont16|CONT[2] ; cont_10:cont_un|cont4_completo:cont16|CONT[1] ; clk          ; clk         ; 1.000        ; 0.000      ; 2.030      ;
; -0.961 ; cont_10:cont_de|cont4_completo:cont16|CONT[3] ; cont_10:cont_de|cont4_completo:cont16|CONT[2] ; clk          ; clk         ; 1.000        ; 0.000      ; 1.997      ;
; -0.961 ; cont_10:cont_de|cont4_completo:cont16|CONT[3] ; cont_10:cont_de|cont4_completo:cont16|CONT[3] ; clk          ; clk         ; 1.000        ; 0.000      ; 1.997      ;
; -0.961 ; cont_10:cont_de|cont4_completo:cont16|CONT[3] ; cont_10:cont_de|cont4_completo:cont16|CONT[1] ; clk          ; clk         ; 1.000        ; 0.000      ; 1.997      ;
; -0.955 ; cont_10:cont_un|cont4_completo:cont16|CONT[3] ; cont_10:cont_un|cont4_completo:cont16|CONT[1] ; clk          ; clk         ; 1.000        ; 0.000      ; 1.991      ;
; -0.916 ; cont_10:cont_de|cont4_completo:cont16|CONT[0] ; cont_10:cont_un|cont4_completo:cont16|CONT[0] ; clk          ; clk         ; 1.000        ; 0.001      ; 1.953      ;
; -0.914 ; cont_10:cont_de|cont4_completo:cont16|CONT[0] ; cont_10:cont_un|cont4_completo:cont16|CONT[2] ; clk          ; clk         ; 1.000        ; 0.001      ; 1.951      ;
; -0.914 ; cont_10:cont_de|cont4_completo:cont16|CONT[0] ; cont_10:cont_un|cont4_completo:cont16|CONT[3] ; clk          ; clk         ; 1.000        ; 0.001      ; 1.951      ;
; -0.866 ; cont_10:cont_de|cont4_completo:cont16|CONT[1] ; cont_10:cont_un|cont4_completo:cont16|CONT[1] ; clk          ; clk         ; 1.000        ; 0.001      ; 1.903      ;
; -0.771 ; cont_10:cont_de|cont4_completo:cont16|CONT[1] ; cont_10:cont_un|cont4_completo:cont16|CONT[0] ; clk          ; clk         ; 1.000        ; 0.001      ; 1.808      ;
; -0.769 ; cont_10:cont_de|cont4_completo:cont16|CONT[1] ; cont_10:cont_un|cont4_completo:cont16|CONT[2] ; clk          ; clk         ; 1.000        ; 0.001      ; 1.806      ;
; -0.769 ; cont_10:cont_de|cont4_completo:cont16|CONT[1] ; cont_10:cont_un|cont4_completo:cont16|CONT[3] ; clk          ; clk         ; 1.000        ; 0.001      ; 1.806      ;
; -0.456 ; cont_10:cont_un|cont4_completo:cont16|CONT[0] ; cont_10:cont_un|cont4_completo:cont16|CONT[0] ; clk          ; clk         ; 1.000        ; 0.000      ; 1.492      ;
; -0.454 ; cont_10:cont_un|cont4_completo:cont16|CONT[0] ; cont_10:cont_un|cont4_completo:cont16|CONT[2] ; clk          ; clk         ; 1.000        ; 0.000      ; 1.490      ;
; -0.454 ; cont_10:cont_un|cont4_completo:cont16|CONT[0] ; cont_10:cont_un|cont4_completo:cont16|CONT[3] ; clk          ; clk         ; 1.000        ; 0.000      ; 1.490      ;
+--------+-----------------------------------------------+-----------------------------------------------+--------------+-------------+--------------+------------+------------+


+-----------------------------------------------------------------------------------------------------------------------------------------------------------------------------+
; Slow Model Hold: 'clk'                                                                                                                                                      ;
+-------+-----------------------------------------------+-----------------------------------------------+--------------+-------------+--------------+------------+------------+
; Slack ; From Node                                     ; To Node                                       ; Launch Clock ; Latch Clock ; Relationship ; Clock Skew ; Data Delay ;
+-------+-----------------------------------------------+-----------------------------------------------+--------------+-------------+--------------+------------+------------+
; 0.391 ; cont_10:cont_un|cont4_completo:cont16|CONT[3] ; cont_10:cont_un|cont4_completo:cont16|CONT[3] ; clk          ; clk         ; 0.000        ; 0.000      ; 0.657      ;
; 0.391 ; cont_10:cont_de|cont4_completo:cont16|CONT[0] ; cont_10:cont_de|cont4_completo:cont16|CONT[0] ; clk          ; clk         ; 0.000        ; 0.000      ; 0.657      ;
; 0.391 ; cont_10:cont_de|cont4_completo:cont16|CONT[2] ; cont_10:cont_de|cont4_completo:cont16|CONT[2] ; clk          ; clk         ; 0.000        ; 0.000      ; 0.657      ;
; 0.391 ; cont_10:cont_de|cont4_completo:cont16|CONT[3] ; cont_10:cont_de|cont4_completo:cont16|CONT[3] ; clk          ; clk         ; 0.000        ; 0.000      ; 0.657      ;
; 0.391 ; cont_10:cont_de|cont4_completo:cont16|CONT[1] ; cont_10:cont_de|cont4_completo:cont16|CONT[1] ; clk          ; clk         ; 0.000        ; 0.000      ; 0.657      ;
; 0.391 ; cont_10:cont_un|cont4_completo:cont16|CONT[0] ; cont_10:cont_un|cont4_completo:cont16|CONT[0] ; clk          ; clk         ; 0.000        ; 0.000      ; 0.657      ;
; 1.020 ; cont_10:cont_de|cont4_completo:cont16|CONT[0] ; cont_10:cont_de|cont4_completo:cont16|CONT[1] ; clk          ; clk         ; 0.000        ; 0.000      ; 1.286      ;
; 1.071 ; cont_10:cont_un|cont4_completo:cont16|CONT[0] ; cont_10:cont_un|cont4_completo:cont16|CONT[2] ; clk          ; clk         ; 0.000        ; 0.000      ; 1.337      ;
; 1.084 ; cont_10:cont_un|cont4_completo:cont16|CONT[0] ; cont_10:cont_un|cont4_completo:cont16|CONT[1] ; clk          ; clk         ; 0.000        ; 0.000      ; 1.350      ;
; 1.189 ; cont_10:cont_un|cont4_completo:cont16|CONT[0] ; cont_10:cont_un|cont4_completo:cont16|CONT[3] ; clk          ; clk         ; 0.000        ; 0.000      ; 1.455      ;
; 1.214 ; cont_10:cont_un|cont4_completo:cont16|CONT[1] ; cont_10:cont_un|cont4_completo:cont16|CONT[2] ; clk          ; clk         ; 0.000        ; 0.000      ; 1.480      ;
; 1.230 ; cont_10:cont_un|cont4_completo:cont16|CONT[1] ; cont_10:cont_un|cont4_completo:cont16|CONT[1] ; clk          ; clk         ; 0.000        ; 0.000      ; 1.496      ;
; 1.332 ; cont_10:cont_un|cont4_completo:cont16|CONT[1] ; cont_10:cont_un|cont4_completo:cont16|CONT[3] ; clk          ; clk         ; 0.000        ; 0.000      ; 1.598      ;
; 1.390 ; cont_10:cont_de|cont4_completo:cont16|CONT[3] ; cont_10:cont_de|cont4_completo:cont16|CONT[0] ; clk          ; clk         ; 0.000        ; 0.000      ; 1.656      ;
; 1.434 ; cont_10:cont_de|cont4_completo:cont16|CONT[0] ; cont_10:cont_de|cont4_completo:cont16|CONT[2] ; clk          ; clk         ; 0.000        ; 0.000      ; 1.700      ;
; 1.491 ; cont_10:cont_un|cont4_completo:cont16|CONT[0] ; cont_10:cont_de|cont4_completo:cont16|CONT[0] ; clk          ; clk         ; 0.000        ; -0.001     ; 1.756      ;
; 1.495 ; cont_10:cont_un|cont4_completo:cont16|CONT[3] ; cont_10:cont_de|cont4_completo:cont16|CONT[2] ; clk          ; clk         ; 0.000        ; -0.001     ; 1.760      ;
; 1.495 ; cont_10:cont_un|cont4_completo:cont16|CONT[3] ; cont_10:cont_de|cont4_completo:cont16|CONT[3] ; clk          ; clk         ; 0.000        ; -0.001     ; 1.760      ;
; 1.495 ; cont_10:cont_un|cont4_completo:cont16|CONT[3] ; cont_10:cont_de|cont4_completo:cont16|CONT[1] ; clk          ; clk         ; 0.000        ; -0.001     ; 1.760      ;
; 1.496 ; cont_10:cont_de|cont4_completo:cont16|CONT[1] ; cont_10:cont_de|cont4_completo:cont16|CONT[2] ; clk          ; clk         ; 0.000        ; 0.000      ; 1.762      ;
; 1.496 ; cont_10:cont_de|cont4_completo:cont16|CONT[1] ; cont_10:cont_de|cont4_completo:cont16|CONT[3] ; clk          ; clk         ; 0.000        ; 0.000      ; 1.762      ;
; 1.531 ; cont_10:cont_un|cont4_completo:cont16|CONT[2] ; cont_10:cont_un|cont4_completo:cont16|CONT[2] ; clk          ; clk         ; 0.000        ; 0.000      ; 1.797      ;
; 1.539 ; cont_10:cont_de|cont4_completo:cont16|CONT[1] ; cont_10:cont_un|cont4_completo:cont16|CONT[3] ; clk          ; clk         ; 0.000        ; 0.001      ; 1.806      ;
; 1.539 ; cont_10:cont_de|cont4_completo:cont16|CONT[1] ; cont_10:cont_un|cont4_completo:cont16|CONT[2] ; clk          ; clk         ; 0.000        ; 0.001      ; 1.806      ;
; 1.539 ; cont_10:cont_de|cont4_completo:cont16|CONT[2] ; cont_10:cont_de|cont4_completo:cont16|CONT[0] ; clk          ; clk         ; 0.000        ; 0.000      ; 1.805      ;
; 1.541 ; cont_10:cont_de|cont4_completo:cont16|CONT[1] ; cont_10:cont_un|cont4_completo:cont16|CONT[0] ; clk          ; clk         ; 0.000        ; 0.001      ; 1.808      ;
; 1.579 ; cont_10:cont_de|cont4_completo:cont16|CONT[0] ; cont_10:cont_de|cont4_completo:cont16|CONT[3] ; clk          ; clk         ; 0.000        ; 0.000      ; 1.845      ;
; 1.583 ; cont_10:cont_de|cont4_completo:cont16|CONT[3] ; cont_10:cont_de|cont4_completo:cont16|CONT[2] ; clk          ; clk         ; 0.000        ; 0.000      ; 1.849      ;
; 1.583 ; cont_10:cont_de|cont4_completo:cont16|CONT[3] ; cont_10:cont_de|cont4_completo:cont16|CONT[1] ; clk          ; clk         ; 0.000        ; 0.000      ; 1.849      ;
; 1.622 ; cont_10:cont_un|cont4_completo:cont16|CONT[2] ; cont_10:cont_un|cont4_completo:cont16|CONT[3] ; clk          ; clk         ; 0.000        ; 0.000      ; 1.888      ;
; 1.628 ; cont_10:cont_un|cont4_completo:cont16|CONT[2] ; cont_10:cont_de|cont4_completo:cont16|CONT[2] ; clk          ; clk         ; 0.000        ; -0.001     ; 1.893      ;
; 1.628 ; cont_10:cont_un|cont4_completo:cont16|CONT[2] ; cont_10:cont_de|cont4_completo:cont16|CONT[3] ; clk          ; clk         ; 0.000        ; -0.001     ; 1.893      ;
; 1.628 ; cont_10:cont_un|cont4_completo:cont16|CONT[2] ; cont_10:cont_de|cont4_completo:cont16|CONT[1] ; clk          ; clk         ; 0.000        ; -0.001     ; 1.893      ;
; 1.631 ; cont_10:cont_un|cont4_completo:cont16|CONT[3] ; cont_10:cont_un|cont4_completo:cont16|CONT[1] ; clk          ; clk         ; 0.000        ; 0.000      ; 1.897      ;
; 1.636 ; cont_10:cont_de|cont4_completo:cont16|CONT[1] ; cont_10:cont_un|cont4_completo:cont16|CONT[1] ; clk          ; clk         ; 0.000        ; 0.001      ; 1.903      ;
; 1.649 ; cont_10:cont_un|cont4_completo:cont16|CONT[2] ; cont_10:cont_un|cont4_completo:cont16|CONT[1] ; clk          ; clk         ; 0.000        ; 0.000      ; 1.915      ;
; 1.684 ; cont_10:cont_de|cont4_completo:cont16|CONT[0] ; cont_10:cont_un|cont4_completo:cont16|CONT[3] ; clk          ; clk         ; 0.000        ; 0.001      ; 1.951      ;
; 1.684 ; cont_10:cont_de|cont4_completo:cont16|CONT[0] ; cont_10:cont_un|cont4_completo:cont16|CONT[2] ; clk          ; clk         ; 0.000        ; 0.001      ; 1.951      ;
; 1.686 ; cont_10:cont_de|cont4_completo:cont16|CONT[0] ; cont_10:cont_un|cont4_completo:cont16|CONT[0] ; clk          ; clk         ; 0.000        ; 0.001      ; 1.953      ;
; 1.708 ; cont_10:cont_de|cont4_completo:cont16|CONT[2] ; cont_10:cont_de|cont4_completo:cont16|CONT[3] ; clk          ; clk         ; 0.000        ; 0.000      ; 1.974      ;
; 1.709 ; cont_10:cont_un|cont4_completo:cont16|CONT[1] ; cont_10:cont_de|cont4_completo:cont16|CONT[0] ; clk          ; clk         ; 0.000        ; -0.001     ; 1.974      ;
; 1.730 ; cont_10:cont_un|cont4_completo:cont16|CONT[0] ; cont_10:cont_de|cont4_completo:cont16|CONT[1] ; clk          ; clk         ; 0.000        ; -0.001     ; 1.995      ;
; 1.732 ; cont_10:cont_de|cont4_completo:cont16|CONT[2] ; cont_10:cont_de|cont4_completo:cont16|CONT[1] ; clk          ; clk         ; 0.000        ; 0.000      ; 1.998      ;
; 1.734 ; cont_10:cont_un|cont4_completo:cont16|CONT[0] ; cont_10:cont_de|cont4_completo:cont16|CONT[2] ; clk          ; clk         ; 0.000        ; -0.001     ; 1.999      ;
; 1.734 ; cont_10:cont_un|cont4_completo:cont16|CONT[0] ; cont_10:cont_de|cont4_completo:cont16|CONT[3] ; clk          ; clk         ; 0.000        ; -0.001     ; 1.999      ;
; 1.742 ; cont_10:cont_un|cont4_completo:cont16|CONT[1] ; cont_10:cont_de|cont4_completo:cont16|CONT[2] ; clk          ; clk         ; 0.000        ; -0.001     ; 2.007      ;
; 1.742 ; cont_10:cont_un|cont4_completo:cont16|CONT[1] ; cont_10:cont_de|cont4_completo:cont16|CONT[3] ; clk          ; clk         ; 0.000        ; -0.001     ; 2.007      ;
; 1.742 ; cont_10:cont_un|cont4_completo:cont16|CONT[1] ; cont_10:cont_de|cont4_completo:cont16|CONT[1] ; clk          ; clk         ; 0.000        ; -0.001     ; 2.007      ;
; 1.753 ; cont_10:cont_un|cont4_completo:cont16|CONT[2] ; cont_10:cont_de|cont4_completo:cont16|CONT[0] ; clk          ; clk         ; 0.000        ; -0.001     ; 2.018      ;
; 1.762 ; cont_10:cont_un|cont4_completo:cont16|CONT[3] ; cont_10:cont_de|cont4_completo:cont16|CONT[0] ; clk          ; clk         ; 0.000        ; -0.001     ; 2.027      ;
; 1.767 ; cont_10:cont_de|cont4_completo:cont16|CONT[1] ; cont_10:cont_de|cont4_completo:cont16|CONT[0] ; clk          ; clk         ; 0.000        ; 0.000      ; 2.033      ;
; 1.774 ; cont_10:cont_de|cont4_completo:cont16|CONT[3] ; cont_10:cont_un|cont4_completo:cont16|CONT[3] ; clk          ; clk         ; 0.000        ; 0.001      ; 2.041      ;
; 1.774 ; cont_10:cont_de|cont4_completo:cont16|CONT[3] ; cont_10:cont_un|cont4_completo:cont16|CONT[2] ; clk          ; clk         ; 0.000        ; 0.001      ; 2.041      ;
; 1.776 ; cont_10:cont_de|cont4_completo:cont16|CONT[3] ; cont_10:cont_un|cont4_completo:cont16|CONT[0] ; clk          ; clk         ; 0.000        ; 0.001      ; 2.043      ;
; 1.781 ; cont_10:cont_de|cont4_completo:cont16|CONT[0] ; cont_10:cont_un|cont4_completo:cont16|CONT[1] ; clk          ; clk         ; 0.000        ; 0.001      ; 2.048      ;
; 1.837 ; cont_10:cont_un|cont4_completo:cont16|CONT[1] ; cont_10:cont_un|cont4_completo:cont16|CONT[0] ; clk          ; clk         ; 0.000        ; 0.000      ; 2.103      ;
; 1.841 ; cont_10:cont_de|cont4_completo:cont16|CONT[2] ; cont_10:cont_un|cont4_completo:cont16|CONT[3] ; clk          ; clk         ; 0.000        ; 0.001      ; 2.108      ;
; 1.841 ; cont_10:cont_de|cont4_completo:cont16|CONT[2] ; cont_10:cont_un|cont4_completo:cont16|CONT[2] ; clk          ; clk         ; 0.000        ; 0.001      ; 2.108      ;
; 1.843 ; cont_10:cont_de|cont4_completo:cont16|CONT[2] ; cont_10:cont_un|cont4_completo:cont16|CONT[0] ; clk          ; clk         ; 0.000        ; 0.001      ; 2.110      ;
; 1.871 ; cont_10:cont_de|cont4_completo:cont16|CONT[3] ; cont_10:cont_un|cont4_completo:cont16|CONT[1] ; clk          ; clk         ; 0.000        ; 0.001      ; 2.138      ;
; 1.881 ; cont_10:cont_un|cont4_completo:cont16|CONT[2] ; cont_10:cont_un|cont4_completo:cont16|CONT[0] ; clk          ; clk         ; 0.000        ; 0.000      ; 2.147      ;
; 1.938 ; cont_10:cont_de|cont4_completo:cont16|CONT[2] ; cont_10:cont_un|cont4_completo:cont16|CONT[1] ; clk          ; clk         ; 0.000        ; 0.001      ; 2.205      ;
; 1.955 ; cont_10:cont_un|cont4_completo:cont16|CONT[3] ; cont_10:cont_un|cont4_completo:cont16|CONT[2] ; clk          ; clk         ; 0.000        ; 0.000      ; 2.221      ;
; 1.957 ; cont_10:cont_un|cont4_completo:cont16|CONT[3] ; cont_10:cont_un|cont4_completo:cont16|CONT[0] ; clk          ; clk         ; 0.000        ; 0.000      ; 2.223      ;
+-------+-----------------------------------------------+-----------------------------------------------+--------------+-------------+--------------+------------+------------+


+--------------------------------------------------------------------------------------------------------------------------------+
; Slow Model Minimum Pulse Width: 'clk'                                                                                          ;
+--------+--------------+----------------+------------------+-------+------------+-----------------------------------------------+
; Slack  ; Actual Width ; Required Width ; Type             ; Clock ; Clock Edge ; Target                                        ;
+--------+--------------+----------------+------------------+-------+------------+-----------------------------------------------+
; -1.380 ; 1.000        ; 2.380          ; Port Rate        ; clk   ; Rise       ; clk                                           ;
; -0.500 ; 0.500        ; 1.000          ; High Pulse Width ; clk   ; Rise       ; cont_10:cont_de|cont4_completo:cont16|CONT[0] ;
; -0.500 ; 0.500        ; 1.000          ; Low Pulse Width  ; clk   ; Rise       ; cont_10:cont_de|cont4_completo:cont16|CONT[0] ;
; -0.500 ; 0.500        ; 1.000          ; High Pulse Width ; clk   ; Rise       ; cont_10:cont_de|cont4_completo:cont16|CONT[1] ;
; -0.500 ; 0.500        ; 1.000          ; Low Pulse Width  ; clk   ; Rise       ; cont_10:cont_de|cont4_completo:cont16|CONT[1] ;
; -0.500 ; 0.500        ; 1.000          ; High Pulse Width ; clk   ; Rise       ; cont_10:cont_de|cont4_completo:cont16|CONT[2] ;
; -0.500 ; 0.500        ; 1.000          ; Low Pulse Width  ; clk   ; Rise       ; cont_10:cont_de|cont4_completo:cont16|CONT[2] ;
; -0.500 ; 0.500        ; 1.000          ; High Pulse Width ; clk   ; Rise       ; cont_10:cont_de|cont4_completo:cont16|CONT[3] ;
; -0.500 ; 0.500        ; 1.000          ; Low Pulse Width  ; clk   ; Rise       ; cont_10:cont_de|cont4_completo:cont16|CONT[3] ;
; -0.500 ; 0.500        ; 1.000          ; High Pulse Width ; clk   ; Rise       ; cont_10:cont_un|cont4_completo:cont16|CONT[0] ;
; -0.500 ; 0.500        ; 1.000          ; Low Pulse Width  ; clk   ; Rise       ; cont_10:cont_un|cont4_completo:cont16|CONT[0] ;
; -0.500 ; 0.500        ; 1.000          ; High Pulse Width ; clk   ; Rise       ; cont_10:cont_un|cont4_completo:cont16|CONT[1] ;
; -0.500 ; 0.500        ; 1.000          ; Low Pulse Width  ; clk   ; Rise       ; cont_10:cont_un|cont4_completo:cont16|CONT[1] ;
; -0.500 ; 0.500        ; 1.000          ; High Pulse Width ; clk   ; Rise       ; cont_10:cont_un|cont4_completo:cont16|CONT[2] ;
; -0.500 ; 0.500        ; 1.000          ; Low Pulse Width  ; clk   ; Rise       ; cont_10:cont_un|cont4_completo:cont16|CONT[2] ;
; -0.500 ; 0.500        ; 1.000          ; High Pulse Width ; clk   ; Rise       ; cont_10:cont_un|cont4_completo:cont16|CONT[3] ;
; -0.500 ; 0.500        ; 1.000          ; Low Pulse Width  ; clk   ; Rise       ; cont_10:cont_un|cont4_completo:cont16|CONT[3] ;
; 0.500  ; 0.500        ; 0.000          ; High Pulse Width ; clk   ; Rise       ; clk|combout                                   ;
; 0.500  ; 0.500        ; 0.000          ; Low Pulse Width  ; clk   ; Rise       ; clk|combout                                   ;
; 0.500  ; 0.500        ; 0.000          ; High Pulse Width ; clk   ; Rise       ; clk~clkctrl|inclk[0]                          ;
; 0.500  ; 0.500        ; 0.000          ; Low Pulse Width  ; clk   ; Rise       ; clk~clkctrl|inclk[0]                          ;
; 0.500  ; 0.500        ; 0.000          ; High Pulse Width ; clk   ; Rise       ; clk~clkctrl|outclk                            ;
; 0.500  ; 0.500        ; 0.000          ; Low Pulse Width  ; clk   ; Rise       ; clk~clkctrl|outclk                            ;
; 0.500  ; 0.500        ; 0.000          ; High Pulse Width ; clk   ; Rise       ; cont_de|cont16|CONT[0]|clk                    ;
; 0.500  ; 0.500        ; 0.000          ; Low Pulse Width  ; clk   ; Rise       ; cont_de|cont16|CONT[0]|clk                    ;
; 0.500  ; 0.500        ; 0.000          ; High Pulse Width ; clk   ; Rise       ; cont_de|cont16|CONT[1]|clk                    ;
; 0.500  ; 0.500        ; 0.000          ; Low Pulse Width  ; clk   ; Rise       ; cont_de|cont16|CONT[1]|clk                    ;
; 0.500  ; 0.500        ; 0.000          ; High Pulse Width ; clk   ; Rise       ; cont_de|cont16|CONT[2]|clk                    ;
; 0.500  ; 0.500        ; 0.000          ; Low Pulse Width  ; clk   ; Rise       ; cont_de|cont16|CONT[2]|clk                    ;
; 0.500  ; 0.500        ; 0.000          ; High Pulse Width ; clk   ; Rise       ; cont_de|cont16|CONT[3]|clk                    ;
; 0.500  ; 0.500        ; 0.000          ; Low Pulse Width  ; clk   ; Rise       ; cont_de|cont16|CONT[3]|clk                    ;
; 0.500  ; 0.500        ; 0.000          ; High Pulse Width ; clk   ; Rise       ; cont_un|cont16|CONT[0]|clk                    ;
; 0.500  ; 0.500        ; 0.000          ; Low Pulse Width  ; clk   ; Rise       ; cont_un|cont16|CONT[0]|clk                    ;
; 0.500  ; 0.500        ; 0.000          ; High Pulse Width ; clk   ; Rise       ; cont_un|cont16|CONT[1]|clk                    ;
; 0.500  ; 0.500        ; 0.000          ; Low Pulse Width  ; clk   ; Rise       ; cont_un|cont16|CONT[1]|clk                    ;
; 0.500  ; 0.500        ; 0.000          ; High Pulse Width ; clk   ; Rise       ; cont_un|cont16|CONT[2]|clk                    ;
; 0.500  ; 0.500        ; 0.000          ; Low Pulse Width  ; clk   ; Rise       ; cont_un|cont16|CONT[2]|clk                    ;
; 0.500  ; 0.500        ; 0.000          ; High Pulse Width ; clk   ; Rise       ; cont_un|cont16|CONT[3]|clk                    ;
; 0.500  ; 0.500        ; 0.000          ; Low Pulse Width  ; clk   ; Rise       ; cont_un|cont16|CONT[3]|clk                    ;
+--------+--------------+----------------+------------------+-------+------------+-----------------------------------------------+


+-----------------------------------------------------------------------+
; Setup Times                                                           ;
+-----------+------------+-------+-------+------------+-----------------+
; Data Port ; Clock Port ; Rise  ; Fall  ; Clock Edge ; Clock Reference ;
+-----------+------------+-------+-------+------------+-----------------+
; en        ; clk        ; 0.879 ; 0.879 ; Rise       ; clk             ;
; rst       ; clk        ; 0.885 ; 0.885 ; Rise       ; clk             ;
+-----------+------------+-------+-------+------------+-----------------+


+-------------------------------------------------------------------------+
; Hold Times                                                              ;
+-----------+------------+--------+--------+------------+-----------------+
; Data Port ; Clock Port ; Rise   ; Fall   ; Clock Edge ; Clock Reference ;
+-----------+------------+--------+--------+------------+-----------------+
; en        ; clk        ; 0.207  ; 0.207  ; Rise       ; clk             ;
; rst       ; clk        ; -0.391 ; -0.391 ; Rise       ; clk             ;
+-----------+------------+--------+--------+------------+-----------------+


+------------------------------------------------------------------------+
; Clock to Output Times                                                  ;
+------------+------------+-------+-------+------------+-----------------+
; Data Port  ; Clock Port ; Rise  ; Fall  ; Clock Edge ; Clock Reference ;
+------------+------------+-------+-------+------------+-----------------+
; out_de[*]  ; clk        ; 6.674 ; 6.674 ; Rise       ; clk             ;
;  out_de[0] ; clk        ; 6.674 ; 6.674 ; Rise       ; clk             ;
;  out_de[1] ; clk        ; 6.673 ; 6.673 ; Rise       ; clk             ;
;  out_de[2] ; clk        ; 6.625 ; 6.625 ; Rise       ; clk             ;
;  out_de[3] ; clk        ; 6.648 ; 6.648 ; Rise       ; clk             ;
; out_un[*]  ; clk        ; 6.665 ; 6.665 ; Rise       ; clk             ;
;  out_un[0] ; clk        ; 6.665 ; 6.665 ; Rise       ; clk             ;
;  out_un[1] ; clk        ; 6.662 ; 6.662 ; Rise       ; clk             ;
;  out_un[2] ; clk        ; 6.659 ; 6.659 ; Rise       ; clk             ;
;  out_un[3] ; clk        ; 6.655 ; 6.655 ; Rise       ; clk             ;
+------------+------------+-------+-------+------------+-----------------+


+------------------------------------------------------------------------+
; Minimum Clock to Output Times                                          ;
+------------+------------+-------+-------+------------+-----------------+
; Data Port  ; Clock Port ; Rise  ; Fall  ; Clock Edge ; Clock Reference ;
+------------+------------+-------+-------+------------+-----------------+
; out_de[*]  ; clk        ; 6.625 ; 6.625 ; Rise       ; clk             ;
;  out_de[0] ; clk        ; 6.674 ; 6.674 ; Rise       ; clk             ;
;  out_de[1] ; clk        ; 6.673 ; 6.673 ; Rise       ; clk             ;
;  out_de[2] ; clk        ; 6.625 ; 6.625 ; Rise       ; clk             ;
;  out_de[3] ; clk        ; 6.648 ; 6.648 ; Rise       ; clk             ;
; out_un[*]  ; clk        ; 6.655 ; 6.655 ; Rise       ; clk             ;
;  out_un[0] ; clk        ; 6.665 ; 6.665 ; Rise       ; clk             ;
;  out_un[1] ; clk        ; 6.662 ; 6.662 ; Rise       ; clk             ;
;  out_un[2] ; clk        ; 6.659 ; 6.659 ; Rise       ; clk             ;
;  out_un[3] ; clk        ; 6.655 ; 6.655 ; Rise       ; clk             ;
+------------+------------+-------+-------+------------+-----------------+


+--------------------------------+
; Fast Model Setup Summary       ;
+-------+--------+---------------+
; Clock ; Slack  ; End Point TNS ;
+-------+--------+---------------+
; clk   ; -0.119 ; -0.332        ;
+-------+--------+---------------+


+-------------------------------+
; Fast Model Hold Summary       ;
+-------+-------+---------------+
; Clock ; Slack ; End Point TNS ;
+-------+-------+---------------+
; clk   ; 0.215 ; 0.000         ;
+-------+-------+---------------+


-------------------------------
; Fast Model Recovery Summary ;
-------------------------------
No paths to report.


------------------------------
; Fast Model Removal Summary ;
------------------------------
No paths to report.


+----------------------------------------+
; Fast Model Minimum Pulse Width Summary ;
+-------+--------+-----------------------+
; Clock ; Slack  ; End Point TNS         ;
+-------+--------+-----------------------+
; clk   ; -1.380 ; -9.380                ;
+-------+--------+-----------------------+


+------------------------------------------------------------------------------------------------------------------------------------------------------------------------------+
; Fast Model Setup: 'clk'                                                                                                                                                      ;
+--------+-----------------------------------------------+-----------------------------------------------+--------------+-------------+--------------+------------+------------+
; Slack  ; From Node                                     ; To Node                                       ; Launch Clock ; Latch Clock ; Relationship ; Clock Skew ; Data Delay ;
+--------+-----------------------------------------------+-----------------------------------------------+--------------+-------------+--------------+------------+------------+
; -0.119 ; cont_10:cont_un|cont4_completo:cont16|CONT[0] ; cont_10:cont_de|cont4_completo:cont16|CONT[0] ; clk          ; clk         ; 1.000        ; -0.001     ; 1.150      ;
; -0.068 ; cont_10:cont_un|cont4_completo:cont16|CONT[0] ; cont_10:cont_un|cont4_completo:cont16|CONT[1] ; clk          ; clk         ; 1.000        ; 0.000      ; 1.100      ;
; -0.049 ; cont_10:cont_de|cont4_completo:cont16|CONT[1] ; cont_10:cont_de|cont4_completo:cont16|CONT[3] ; clk          ; clk         ; 1.000        ; 0.000      ; 1.081      ;
; -0.048 ; cont_10:cont_de|cont4_completo:cont16|CONT[1] ; cont_10:cont_de|cont4_completo:cont16|CONT[2] ; clk          ; clk         ; 1.000        ; 0.000      ; 1.080      ;
; -0.048 ; cont_10:cont_de|cont4_completo:cont16|CONT[1] ; cont_10:cont_de|cont4_completo:cont16|CONT[1] ; clk          ; clk         ; 1.000        ; 0.000      ; 1.080      ;
; -0.038 ; cont_10:cont_un|cont4_completo:cont16|CONT[3] ; cont_10:cont_de|cont4_completo:cont16|CONT[3] ; clk          ; clk         ; 1.000        ; -0.001     ; 1.069      ;
; -0.037 ; cont_10:cont_un|cont4_completo:cont16|CONT[3] ; cont_10:cont_de|cont4_completo:cont16|CONT[2] ; clk          ; clk         ; 1.000        ; -0.001     ; 1.068      ;
; -0.036 ; cont_10:cont_un|cont4_completo:cont16|CONT[3] ; cont_10:cont_de|cont4_completo:cont16|CONT[1] ; clk          ; clk         ; 1.000        ; -0.001     ; 1.067      ;
; -0.033 ; cont_10:cont_de|cont4_completo:cont16|CONT[2] ; cont_10:cont_de|cont4_completo:cont16|CONT[0] ; clk          ; clk         ; 1.000        ; 0.000      ; 1.065      ;
; -0.026 ; cont_10:cont_un|cont4_completo:cont16|CONT[1] ; cont_10:cont_de|cont4_completo:cont16|CONT[0] ; clk          ; clk         ; 1.000        ; -0.001     ; 1.057      ;
; -0.009 ; cont_10:cont_de|cont4_completo:cont16|CONT[3] ; cont_10:cont_de|cont4_completo:cont16|CONT[0] ; clk          ; clk         ; 1.000        ; 0.000      ; 1.041      ;
; -0.007 ; cont_10:cont_un|cont4_completo:cont16|CONT[0] ; cont_10:cont_de|cont4_completo:cont16|CONT[3] ; clk          ; clk         ; 1.000        ; -0.001     ; 1.038      ;
; -0.006 ; cont_10:cont_un|cont4_completo:cont16|CONT[0] ; cont_10:cont_de|cont4_completo:cont16|CONT[2] ; clk          ; clk         ; 1.000        ; -0.001     ; 1.037      ;
; -0.006 ; cont_10:cont_un|cont4_completo:cont16|CONT[0] ; cont_10:cont_de|cont4_completo:cont16|CONT[1] ; clk          ; clk         ; 1.000        ; -0.001     ; 1.037      ;
; -0.005 ; cont_10:cont_un|cont4_completo:cont16|CONT[2] ; cont_10:cont_de|cont4_completo:cont16|CONT[3] ; clk          ; clk         ; 1.000        ; -0.001     ; 1.036      ;
; -0.004 ; cont_10:cont_un|cont4_completo:cont16|CONT[2] ; cont_10:cont_de|cont4_completo:cont16|CONT[2] ; clk          ; clk         ; 1.000        ; -0.001     ; 1.035      ;
; -0.003 ; cont_10:cont_un|cont4_completo:cont16|CONT[2] ; cont_10:cont_de|cont4_completo:cont16|CONT[1] ; clk          ; clk         ; 1.000        ; -0.001     ; 1.034      ;
; 0.016  ; cont_10:cont_un|cont4_completo:cont16|CONT[1] ; cont_10:cont_de|cont4_completo:cont16|CONT[3] ; clk          ; clk         ; 1.000        ; -0.001     ; 1.015      ;
; 0.017  ; cont_10:cont_un|cont4_completo:cont16|CONT[1] ; cont_10:cont_de|cont4_completo:cont16|CONT[2] ; clk          ; clk         ; 1.000        ; -0.001     ; 1.014      ;
; 0.018  ; cont_10:cont_de|cont4_completo:cont16|CONT[2] ; cont_10:cont_un|cont4_completo:cont16|CONT[1] ; clk          ; clk         ; 1.000        ; 0.001      ; 1.015      ;
; 0.018  ; cont_10:cont_un|cont4_completo:cont16|CONT[1] ; cont_10:cont_de|cont4_completo:cont16|CONT[1] ; clk          ; clk         ; 1.000        ; -0.001     ; 1.013      ;
; 0.025  ; cont_10:cont_un|cont4_completo:cont16|CONT[1] ; cont_10:cont_un|cont4_completo:cont16|CONT[1] ; clk          ; clk         ; 1.000        ; 0.000      ; 1.007      ;
; 0.030  ; cont_10:cont_un|cont4_completo:cont16|CONT[3] ; cont_10:cont_un|cont4_completo:cont16|CONT[0] ; clk          ; clk         ; 1.000        ; 0.000      ; 1.002      ;
; 0.032  ; cont_10:cont_un|cont4_completo:cont16|CONT[3] ; cont_10:cont_un|cont4_completo:cont16|CONT[2] ; clk          ; clk         ; 1.000        ; 0.000      ; 1.000      ;
; 0.032  ; cont_10:cont_un|cont4_completo:cont16|CONT[3] ; cont_10:cont_un|cont4_completo:cont16|CONT[3] ; clk          ; clk         ; 1.000        ; 0.000      ; 1.000      ;
; 0.038  ; cont_10:cont_de|cont4_completo:cont16|CONT[1] ; cont_10:cont_de|cont4_completo:cont16|CONT[0] ; clk          ; clk         ; 1.000        ; 0.000      ; 0.994      ;
; 0.042  ; cont_10:cont_de|cont4_completo:cont16|CONT[3] ; cont_10:cont_un|cont4_completo:cont16|CONT[1] ; clk          ; clk         ; 1.000        ; 0.001      ; 0.991      ;
; 0.045  ; cont_10:cont_de|cont4_completo:cont16|CONT[0] ; cont_10:cont_de|cont4_completo:cont16|CONT[3] ; clk          ; clk         ; 1.000        ; 0.000      ; 0.987      ;
; 0.046  ; cont_10:cont_de|cont4_completo:cont16|CONT[0] ; cont_10:cont_de|cont4_completo:cont16|CONT[2] ; clk          ; clk         ; 1.000        ; 0.000      ; 0.986      ;
; 0.046  ; cont_10:cont_de|cont4_completo:cont16|CONT[0] ; cont_10:cont_de|cont4_completo:cont16|CONT[1] ; clk          ; clk         ; 1.000        ; 0.000      ; 0.986      ;
; 0.058  ; cont_10:cont_un|cont4_completo:cont16|CONT[2] ; cont_10:cont_de|cont4_completo:cont16|CONT[0] ; clk          ; clk         ; 1.000        ; -0.001     ; 0.973      ;
; 0.059  ; cont_10:cont_de|cont4_completo:cont16|CONT[0] ; cont_10:cont_de|cont4_completo:cont16|CONT[0] ; clk          ; clk         ; 1.000        ; 0.000      ; 0.973      ;
; 0.060  ; cont_10:cont_de|cont4_completo:cont16|CONT[2] ; cont_10:cont_un|cont4_completo:cont16|CONT[0] ; clk          ; clk         ; 1.000        ; 0.001      ; 0.973      ;
; 0.062  ; cont_10:cont_de|cont4_completo:cont16|CONT[2] ; cont_10:cont_un|cont4_completo:cont16|CONT[2] ; clk          ; clk         ; 1.000        ; 0.001      ; 0.971      ;
; 0.062  ; cont_10:cont_de|cont4_completo:cont16|CONT[2] ; cont_10:cont_un|cont4_completo:cont16|CONT[3] ; clk          ; clk         ; 1.000        ; 0.001      ; 0.971      ;
; 0.063  ; cont_10:cont_un|cont4_completo:cont16|CONT[2] ; cont_10:cont_un|cont4_completo:cont16|CONT[0] ; clk          ; clk         ; 1.000        ; 0.000      ; 0.969      ;
; 0.065  ; cont_10:cont_un|cont4_completo:cont16|CONT[2] ; cont_10:cont_un|cont4_completo:cont16|CONT[2] ; clk          ; clk         ; 1.000        ; 0.000      ; 0.967      ;
; 0.065  ; cont_10:cont_un|cont4_completo:cont16|CONT[2] ; cont_10:cont_un|cont4_completo:cont16|CONT[3] ; clk          ; clk         ; 1.000        ; 0.000      ; 0.967      ;
; 0.078  ; cont_10:cont_un|cont4_completo:cont16|CONT[3] ; cont_10:cont_de|cont4_completo:cont16|CONT[0] ; clk          ; clk         ; 1.000        ; -0.001     ; 0.953      ;
; 0.083  ; cont_10:cont_de|cont4_completo:cont16|CONT[2] ; cont_10:cont_de|cont4_completo:cont16|CONT[3] ; clk          ; clk         ; 1.000        ; 0.000      ; 0.949      ;
; 0.084  ; cont_10:cont_de|cont4_completo:cont16|CONT[2] ; cont_10:cont_de|cont4_completo:cont16|CONT[2] ; clk          ; clk         ; 1.000        ; 0.000      ; 0.948      ;
; 0.084  ; cont_10:cont_de|cont4_completo:cont16|CONT[2] ; cont_10:cont_de|cont4_completo:cont16|CONT[1] ; clk          ; clk         ; 1.000        ; 0.000      ; 0.948      ;
; 0.084  ; cont_10:cont_un|cont4_completo:cont16|CONT[1] ; cont_10:cont_un|cont4_completo:cont16|CONT[0] ; clk          ; clk         ; 1.000        ; 0.000      ; 0.948      ;
; 0.084  ; cont_10:cont_de|cont4_completo:cont16|CONT[3] ; cont_10:cont_un|cont4_completo:cont16|CONT[0] ; clk          ; clk         ; 1.000        ; 0.001      ; 0.949      ;
; 0.086  ; cont_10:cont_un|cont4_completo:cont16|CONT[1] ; cont_10:cont_un|cont4_completo:cont16|CONT[2] ; clk          ; clk         ; 1.000        ; 0.000      ; 0.946      ;
; 0.086  ; cont_10:cont_un|cont4_completo:cont16|CONT[1] ; cont_10:cont_un|cont4_completo:cont16|CONT[3] ; clk          ; clk         ; 1.000        ; 0.000      ; 0.946      ;
; 0.086  ; cont_10:cont_de|cont4_completo:cont16|CONT[3] ; cont_10:cont_un|cont4_completo:cont16|CONT[2] ; clk          ; clk         ; 1.000        ; 0.001      ; 0.947      ;
; 0.086  ; cont_10:cont_de|cont4_completo:cont16|CONT[3] ; cont_10:cont_un|cont4_completo:cont16|CONT[3] ; clk          ; clk         ; 1.000        ; 0.001      ; 0.947      ;
; 0.107  ; cont_10:cont_de|cont4_completo:cont16|CONT[3] ; cont_10:cont_de|cont4_completo:cont16|CONT[3] ; clk          ; clk         ; 1.000        ; 0.000      ; 0.925      ;
; 0.108  ; cont_10:cont_de|cont4_completo:cont16|CONT[3] ; cont_10:cont_de|cont4_completo:cont16|CONT[2] ; clk          ; clk         ; 1.000        ; 0.000      ; 0.924      ;
; 0.108  ; cont_10:cont_de|cont4_completo:cont16|CONT[3] ; cont_10:cont_de|cont4_completo:cont16|CONT[1] ; clk          ; clk         ; 1.000        ; 0.000      ; 0.924      ;
; 0.109  ; cont_10:cont_un|cont4_completo:cont16|CONT[2] ; cont_10:cont_un|cont4_completo:cont16|CONT[1] ; clk          ; clk         ; 1.000        ; 0.000      ; 0.923      ;
; 0.110  ; cont_10:cont_de|cont4_completo:cont16|CONT[0] ; cont_10:cont_un|cont4_completo:cont16|CONT[1] ; clk          ; clk         ; 1.000        ; 0.001      ; 0.923      ;
; 0.122  ; cont_10:cont_un|cont4_completo:cont16|CONT[3] ; cont_10:cont_un|cont4_completo:cont16|CONT[1] ; clk          ; clk         ; 1.000        ; 0.000      ; 0.910      ;
; 0.152  ; cont_10:cont_de|cont4_completo:cont16|CONT[0] ; cont_10:cont_un|cont4_completo:cont16|CONT[0] ; clk          ; clk         ; 1.000        ; 0.001      ; 0.881      ;
; 0.154  ; cont_10:cont_de|cont4_completo:cont16|CONT[0] ; cont_10:cont_un|cont4_completo:cont16|CONT[2] ; clk          ; clk         ; 1.000        ; 0.001      ; 0.879      ;
; 0.154  ; cont_10:cont_de|cont4_completo:cont16|CONT[0] ; cont_10:cont_un|cont4_completo:cont16|CONT[3] ; clk          ; clk         ; 1.000        ; 0.001      ; 0.879      ;
; 0.167  ; cont_10:cont_de|cont4_completo:cont16|CONT[1] ; cont_10:cont_un|cont4_completo:cont16|CONT[1] ; clk          ; clk         ; 1.000        ; 0.001      ; 0.866      ;
; 0.209  ; cont_10:cont_de|cont4_completo:cont16|CONT[1] ; cont_10:cont_un|cont4_completo:cont16|CONT[0] ; clk          ; clk         ; 1.000        ; 0.001      ; 0.824      ;
; 0.211  ; cont_10:cont_de|cont4_completo:cont16|CONT[1] ; cont_10:cont_un|cont4_completo:cont16|CONT[2] ; clk          ; clk         ; 1.000        ; 0.001      ; 0.822      ;
; 0.211  ; cont_10:cont_de|cont4_completo:cont16|CONT[1] ; cont_10:cont_un|cont4_completo:cont16|CONT[3] ; clk          ; clk         ; 1.000        ; 0.001      ; 0.822      ;
; 0.334  ; cont_10:cont_un|cont4_completo:cont16|CONT[0] ; cont_10:cont_un|cont4_completo:cont16|CONT[0] ; clk          ; clk         ; 1.000        ; 0.000      ; 0.698      ;
; 0.336  ; cont_10:cont_un|cont4_completo:cont16|CONT[0] ; cont_10:cont_un|cont4_completo:cont16|CONT[2] ; clk          ; clk         ; 1.000        ; 0.000      ; 0.696      ;
; 0.336  ; cont_10:cont_un|cont4_completo:cont16|CONT[0] ; cont_10:cont_un|cont4_completo:cont16|CONT[3] ; clk          ; clk         ; 1.000        ; 0.000      ; 0.696      ;
+--------+-----------------------------------------------+-----------------------------------------------+--------------+-------------+--------------+------------+------------+


+-----------------------------------------------------------------------------------------------------------------------------------------------------------------------------+
; Fast Model Hold: 'clk'                                                                                                                                                      ;
+-------+-----------------------------------------------+-----------------------------------------------+--------------+-------------+--------------+------------+------------+
; Slack ; From Node                                     ; To Node                                       ; Launch Clock ; Latch Clock ; Relationship ; Clock Skew ; Data Delay ;
+-------+-----------------------------------------------+-----------------------------------------------+--------------+-------------+--------------+------------+------------+
; 0.215 ; cont_10:cont_un|cont4_completo:cont16|CONT[3] ; cont_10:cont_un|cont4_completo:cont16|CONT[3] ; clk          ; clk         ; 0.000        ; 0.000      ; 0.367      ;
; 0.215 ; cont_10:cont_de|cont4_completo:cont16|CONT[0] ; cont_10:cont_de|cont4_completo:cont16|CONT[0] ; clk          ; clk         ; 0.000        ; 0.000      ; 0.367      ;
; 0.215 ; cont_10:cont_de|cont4_completo:cont16|CONT[2] ; cont_10:cont_de|cont4_completo:cont16|CONT[2] ; clk          ; clk         ; 0.000        ; 0.000      ; 0.367      ;
; 0.215 ; cont_10:cont_de|cont4_completo:cont16|CONT[3] ; cont_10:cont_de|cont4_completo:cont16|CONT[3] ; clk          ; clk         ; 0.000        ; 0.000      ; 0.367      ;
; 0.215 ; cont_10:cont_de|cont4_completo:cont16|CONT[1] ; cont_10:cont_de|cont4_completo:cont16|CONT[1] ; clk          ; clk         ; 0.000        ; 0.000      ; 0.367      ;
; 0.215 ; cont_10:cont_un|cont4_completo:cont16|CONT[0] ; cont_10:cont_un|cont4_completo:cont16|CONT[0] ; clk          ; clk         ; 0.000        ; 0.000      ; 0.367      ;
; 0.467 ; cont_10:cont_de|cont4_completo:cont16|CONT[0] ; cont_10:cont_de|cont4_completo:cont16|CONT[1] ; clk          ; clk         ; 0.000        ; 0.000      ; 0.619      ;
; 0.476 ; cont_10:cont_un|cont4_completo:cont16|CONT[0] ; cont_10:cont_un|cont4_completo:cont16|CONT[1] ; clk          ; clk         ; 0.000        ; 0.000      ; 0.628      ;
; 0.495 ; cont_10:cont_un|cont4_completo:cont16|CONT[0] ; cont_10:cont_un|cont4_completo:cont16|CONT[2] ; clk          ; clk         ; 0.000        ; 0.000      ; 0.647      ;
; 0.534 ; cont_10:cont_un|cont4_completo:cont16|CONT[1] ; cont_10:cont_un|cont4_completo:cont16|CONT[1] ; clk          ; clk         ; 0.000        ; 0.000      ; 0.686      ;
; 0.539 ; cont_10:cont_un|cont4_completo:cont16|CONT[0] ; cont_10:cont_un|cont4_completo:cont16|CONT[3] ; clk          ; clk         ; 0.000        ; 0.000      ; 0.691      ;
; 0.552 ; cont_10:cont_un|cont4_completo:cont16|CONT[1] ; cont_10:cont_un|cont4_completo:cont16|CONT[2] ; clk          ; clk         ; 0.000        ; 0.000      ; 0.704      ;
; 0.621 ; cont_10:cont_un|cont4_completo:cont16|CONT[1] ; cont_10:cont_un|cont4_completo:cont16|CONT[3] ; clk          ; clk         ; 0.000        ; 0.000      ; 0.773      ;
; 0.623 ; cont_10:cont_de|cont4_completo:cont16|CONT[3] ; cont_10:cont_de|cont4_completo:cont16|CONT[0] ; clk          ; clk         ; 0.000        ; 0.000      ; 0.775      ;
; 0.643 ; cont_10:cont_de|cont4_completo:cont16|CONT[0] ; cont_10:cont_de|cont4_completo:cont16|CONT[2] ; clk          ; clk         ; 0.000        ; 0.000      ; 0.795      ;
; 0.647 ; cont_10:cont_de|cont4_completo:cont16|CONT[1] ; cont_10:cont_de|cont4_completo:cont16|CONT[2] ; clk          ; clk         ; 0.000        ; 0.000      ; 0.799      ;
; 0.648 ; cont_10:cont_de|cont4_completo:cont16|CONT[1] ; cont_10:cont_de|cont4_completo:cont16|CONT[3] ; clk          ; clk         ; 0.000        ; 0.000      ; 0.800      ;
; 0.660 ; cont_10:cont_un|cont4_completo:cont16|CONT[3] ; cont_10:cont_de|cont4_completo:cont16|CONT[2] ; clk          ; clk         ; 0.000        ; -0.001     ; 0.811      ;
; 0.660 ; cont_10:cont_un|cont4_completo:cont16|CONT[3] ; cont_10:cont_de|cont4_completo:cont16|CONT[1] ; clk          ; clk         ; 0.000        ; -0.001     ; 0.811      ;
; 0.661 ; cont_10:cont_un|cont4_completo:cont16|CONT[3] ; cont_10:cont_de|cont4_completo:cont16|CONT[3] ; clk          ; clk         ; 0.000        ; -0.001     ; 0.812      ;
; 0.669 ; cont_10:cont_de|cont4_completo:cont16|CONT[1] ; cont_10:cont_un|cont4_completo:cont16|CONT[3] ; clk          ; clk         ; 0.000        ; 0.001      ; 0.822      ;
; 0.669 ; cont_10:cont_de|cont4_completo:cont16|CONT[1] ; cont_10:cont_un|cont4_completo:cont16|CONT[2] ; clk          ; clk         ; 0.000        ; 0.001      ; 0.822      ;
; 0.671 ; cont_10:cont_de|cont4_completo:cont16|CONT[1] ; cont_10:cont_un|cont4_completo:cont16|CONT[0] ; clk          ; clk         ; 0.000        ; 0.001      ; 0.824      ;
; 0.683 ; cont_10:cont_de|cont4_completo:cont16|CONT[2] ; cont_10:cont_de|cont4_completo:cont16|CONT[0] ; clk          ; clk         ; 0.000        ; 0.000      ; 0.835      ;
; 0.684 ; cont_10:cont_un|cont4_completo:cont16|CONT[0] ; cont_10:cont_de|cont4_completo:cont16|CONT[0] ; clk          ; clk         ; 0.000        ; -0.001     ; 0.835      ;
; 0.694 ; cont_10:cont_un|cont4_completo:cont16|CONT[2] ; cont_10:cont_un|cont4_completo:cont16|CONT[2] ; clk          ; clk         ; 0.000        ; 0.000      ; 0.846      ;
; 0.705 ; cont_10:cont_de|cont4_completo:cont16|CONT[0] ; cont_10:cont_de|cont4_completo:cont16|CONT[3] ; clk          ; clk         ; 0.000        ; 0.000      ; 0.857      ;
; 0.709 ; cont_10:cont_de|cont4_completo:cont16|CONT[3] ; cont_10:cont_de|cont4_completo:cont16|CONT[2] ; clk          ; clk         ; 0.000        ; 0.000      ; 0.861      ;
; 0.709 ; cont_10:cont_de|cont4_completo:cont16|CONT[3] ; cont_10:cont_de|cont4_completo:cont16|CONT[1] ; clk          ; clk         ; 0.000        ; 0.000      ; 0.861      ;
; 0.709 ; cont_10:cont_un|cont4_completo:cont16|CONT[2] ; cont_10:cont_de|cont4_completo:cont16|CONT[2] ; clk          ; clk         ; 0.000        ; -0.001     ; 0.860      ;
; 0.709 ; cont_10:cont_un|cont4_completo:cont16|CONT[2] ; cont_10:cont_de|cont4_completo:cont16|CONT[1] ; clk          ; clk         ; 0.000        ; -0.001     ; 0.860      ;
; 0.710 ; cont_10:cont_un|cont4_completo:cont16|CONT[2] ; cont_10:cont_de|cont4_completo:cont16|CONT[3] ; clk          ; clk         ; 0.000        ; -0.001     ; 0.861      ;
; 0.713 ; cont_10:cont_de|cont4_completo:cont16|CONT[1] ; cont_10:cont_un|cont4_completo:cont16|CONT[1] ; clk          ; clk         ; 0.000        ; 0.001      ; 0.866      ;
; 0.722 ; cont_10:cont_un|cont4_completo:cont16|CONT[3] ; cont_10:cont_un|cont4_completo:cont16|CONT[1] ; clk          ; clk         ; 0.000        ; 0.000      ; 0.874      ;
; 0.725 ; cont_10:cont_un|cont4_completo:cont16|CONT[2] ; cont_10:cont_un|cont4_completo:cont16|CONT[1] ; clk          ; clk         ; 0.000        ; 0.000      ; 0.877      ;
; 0.726 ; cont_10:cont_de|cont4_completo:cont16|CONT[0] ; cont_10:cont_un|cont4_completo:cont16|CONT[3] ; clk          ; clk         ; 0.000        ; 0.001      ; 0.879      ;
; 0.726 ; cont_10:cont_de|cont4_completo:cont16|CONT[0] ; cont_10:cont_un|cont4_completo:cont16|CONT[2] ; clk          ; clk         ; 0.000        ; 0.001      ; 0.879      ;
; 0.728 ; cont_10:cont_de|cont4_completo:cont16|CONT[0] ; cont_10:cont_un|cont4_completo:cont16|CONT[0] ; clk          ; clk         ; 0.000        ; 0.001      ; 0.881      ;
; 0.739 ; cont_10:cont_un|cont4_completo:cont16|CONT[2] ; cont_10:cont_un|cont4_completo:cont16|CONT[3] ; clk          ; clk         ; 0.000        ; 0.000      ; 0.891      ;
; 0.748 ; cont_10:cont_un|cont4_completo:cont16|CONT[1] ; cont_10:cont_de|cont4_completo:cont16|CONT[0] ; clk          ; clk         ; 0.000        ; -0.001     ; 0.899      ;
; 0.763 ; cont_10:cont_de|cont4_completo:cont16|CONT[2] ; cont_10:cont_de|cont4_completo:cont16|CONT[3] ; clk          ; clk         ; 0.000        ; 0.000      ; 0.915      ;
; 0.764 ; cont_10:cont_de|cont4_completo:cont16|CONT[1] ; cont_10:cont_de|cont4_completo:cont16|CONT[0] ; clk          ; clk         ; 0.000        ; 0.000      ; 0.916      ;
; 0.769 ; cont_10:cont_de|cont4_completo:cont16|CONT[2] ; cont_10:cont_de|cont4_completo:cont16|CONT[1] ; clk          ; clk         ; 0.000        ; 0.000      ; 0.921      ;
; 0.769 ; cont_10:cont_un|cont4_completo:cont16|CONT[2] ; cont_10:cont_de|cont4_completo:cont16|CONT[0] ; clk          ; clk         ; 0.000        ; -0.001     ; 0.920      ;
; 0.770 ; cont_10:cont_de|cont4_completo:cont16|CONT[0] ; cont_10:cont_un|cont4_completo:cont16|CONT[1] ; clk          ; clk         ; 0.000        ; 0.001      ; 0.923      ;
; 0.773 ; cont_10:cont_un|cont4_completo:cont16|CONT[3] ; cont_10:cont_de|cont4_completo:cont16|CONT[0] ; clk          ; clk         ; 0.000        ; -0.001     ; 0.924      ;
; 0.793 ; cont_10:cont_un|cont4_completo:cont16|CONT[1] ; cont_10:cont_de|cont4_completo:cont16|CONT[2] ; clk          ; clk         ; 0.000        ; -0.001     ; 0.944      ;
; 0.793 ; cont_10:cont_un|cont4_completo:cont16|CONT[1] ; cont_10:cont_de|cont4_completo:cont16|CONT[1] ; clk          ; clk         ; 0.000        ; -0.001     ; 0.944      ;
; 0.794 ; cont_10:cont_un|cont4_completo:cont16|CONT[1] ; cont_10:cont_de|cont4_completo:cont16|CONT[3] ; clk          ; clk         ; 0.000        ; -0.001     ; 0.945      ;
; 0.794 ; cont_10:cont_de|cont4_completo:cont16|CONT[3] ; cont_10:cont_un|cont4_completo:cont16|CONT[3] ; clk          ; clk         ; 0.000        ; 0.001      ; 0.947      ;
; 0.794 ; cont_10:cont_de|cont4_completo:cont16|CONT[3] ; cont_10:cont_un|cont4_completo:cont16|CONT[2] ; clk          ; clk         ; 0.000        ; 0.001      ; 0.947      ;
; 0.796 ; cont_10:cont_un|cont4_completo:cont16|CONT[1] ; cont_10:cont_un|cont4_completo:cont16|CONT[0] ; clk          ; clk         ; 0.000        ; 0.000      ; 0.948      ;
; 0.796 ; cont_10:cont_de|cont4_completo:cont16|CONT[3] ; cont_10:cont_un|cont4_completo:cont16|CONT[0] ; clk          ; clk         ; 0.000        ; 0.001      ; 0.949      ;
; 0.798 ; cont_10:cont_un|cont4_completo:cont16|CONT[0] ; cont_10:cont_de|cont4_completo:cont16|CONT[1] ; clk          ; clk         ; 0.000        ; -0.001     ; 0.949      ;
; 0.799 ; cont_10:cont_un|cont4_completo:cont16|CONT[0] ; cont_10:cont_de|cont4_completo:cont16|CONT[2] ; clk          ; clk         ; 0.000        ; -0.001     ; 0.950      ;
; 0.800 ; cont_10:cont_un|cont4_completo:cont16|CONT[0] ; cont_10:cont_de|cont4_completo:cont16|CONT[3] ; clk          ; clk         ; 0.000        ; -0.001     ; 0.951      ;
; 0.817 ; cont_10:cont_un|cont4_completo:cont16|CONT[2] ; cont_10:cont_un|cont4_completo:cont16|CONT[0] ; clk          ; clk         ; 0.000        ; 0.000      ; 0.969      ;
; 0.818 ; cont_10:cont_de|cont4_completo:cont16|CONT[2] ; cont_10:cont_un|cont4_completo:cont16|CONT[3] ; clk          ; clk         ; 0.000        ; 0.001      ; 0.971      ;
; 0.818 ; cont_10:cont_de|cont4_completo:cont16|CONT[2] ; cont_10:cont_un|cont4_completo:cont16|CONT[2] ; clk          ; clk         ; 0.000        ; 0.001      ; 0.971      ;
; 0.820 ; cont_10:cont_de|cont4_completo:cont16|CONT[2] ; cont_10:cont_un|cont4_completo:cont16|CONT[0] ; clk          ; clk         ; 0.000        ; 0.001      ; 0.973      ;
; 0.838 ; cont_10:cont_de|cont4_completo:cont16|CONT[3] ; cont_10:cont_un|cont4_completo:cont16|CONT[1] ; clk          ; clk         ; 0.000        ; 0.001      ; 0.991      ;
; 0.848 ; cont_10:cont_un|cont4_completo:cont16|CONT[3] ; cont_10:cont_un|cont4_completo:cont16|CONT[2] ; clk          ; clk         ; 0.000        ; 0.000      ; 1.000      ;
; 0.850 ; cont_10:cont_un|cont4_completo:cont16|CONT[3] ; cont_10:cont_un|cont4_completo:cont16|CONT[0] ; clk          ; clk         ; 0.000        ; 0.000      ; 1.002      ;
; 0.862 ; cont_10:cont_de|cont4_completo:cont16|CONT[2] ; cont_10:cont_un|cont4_completo:cont16|CONT[1] ; clk          ; clk         ; 0.000        ; 0.001      ; 1.015      ;
+-------+-----------------------------------------------+-----------------------------------------------+--------------+-------------+--------------+------------+------------+


+--------------------------------------------------------------------------------------------------------------------------------+
; Fast Model Minimum Pulse Width: 'clk'                                                                                          ;
+--------+--------------+----------------+------------------+-------+------------+-----------------------------------------------+
; Slack  ; Actual Width ; Required Width ; Type             ; Clock ; Clock Edge ; Target                                        ;
+--------+--------------+----------------+------------------+-------+------------+-----------------------------------------------+
; -1.380 ; 1.000        ; 2.380          ; Port Rate        ; clk   ; Rise       ; clk                                           ;
; -0.500 ; 0.500        ; 1.000          ; High Pulse Width ; clk   ; Rise       ; cont_10:cont_de|cont4_completo:cont16|CONT[0] ;
; -0.500 ; 0.500        ; 1.000          ; Low Pulse Width  ; clk   ; Rise       ; cont_10:cont_de|cont4_completo:cont16|CONT[0] ;
; -0.500 ; 0.500        ; 1.000          ; High Pulse Width ; clk   ; Rise       ; cont_10:cont_de|cont4_completo:cont16|CONT[1] ;
; -0.500 ; 0.500        ; 1.000          ; Low Pulse Width  ; clk   ; Rise       ; cont_10:cont_de|cont4_completo:cont16|CONT[1] ;
; -0.500 ; 0.500        ; 1.000          ; High Pulse Width ; clk   ; Rise       ; cont_10:cont_de|cont4_completo:cont16|CONT[2] ;
; -0.500 ; 0.500        ; 1.000          ; Low Pulse Width  ; clk   ; Rise       ; cont_10:cont_de|cont4_completo:cont16|CONT[2] ;
; -0.500 ; 0.500        ; 1.000          ; High Pulse Width ; clk   ; Rise       ; cont_10:cont_de|cont4_completo:cont16|CONT[3] ;
; -0.500 ; 0.500        ; 1.000          ; Low Pulse Width  ; clk   ; Rise       ; cont_10:cont_de|cont4_completo:cont16|CONT[3] ;
; -0.500 ; 0.500        ; 1.000          ; High Pulse Width ; clk   ; Rise       ; cont_10:cont_un|cont4_completo:cont16|CONT[0] ;
; -0.500 ; 0.500        ; 1.000          ; Low Pulse Width  ; clk   ; Rise       ; cont_10:cont_un|cont4_completo:cont16|CONT[0] ;
; -0.500 ; 0.500        ; 1.000          ; High Pulse Width ; clk   ; Rise       ; cont_10:cont_un|cont4_completo:cont16|CONT[1] ;
; -0.500 ; 0.500        ; 1.000          ; Low Pulse Width  ; clk   ; Rise       ; cont_10:cont_un|cont4_completo:cont16|CONT[1] ;
; -0.500 ; 0.500        ; 1.000          ; High Pulse Width ; clk   ; Rise       ; cont_10:cont_un|cont4_completo:cont16|CONT[2] ;
; -0.500 ; 0.500        ; 1.000          ; Low Pulse Width  ; clk   ; Rise       ; cont_10:cont_un|cont4_completo:cont16|CONT[2] ;
; -0.500 ; 0.500        ; 1.000          ; High Pulse Width ; clk   ; Rise       ; cont_10:cont_un|cont4_completo:cont16|CONT[3] ;
; -0.500 ; 0.500        ; 1.000          ; Low Pulse Width  ; clk   ; Rise       ; cont_10:cont_un|cont4_completo:cont16|CONT[3] ;
; 0.500  ; 0.500        ; 0.000          ; High Pulse Width ; clk   ; Rise       ; clk|combout                                   ;
; 0.500  ; 0.500        ; 0.000          ; Low Pulse Width  ; clk   ; Rise       ; clk|combout                                   ;
; 0.500  ; 0.500        ; 0.000          ; High Pulse Width ; clk   ; Rise       ; clk~clkctrl|inclk[0]                          ;
; 0.500  ; 0.500        ; 0.000          ; Low Pulse Width  ; clk   ; Rise       ; clk~clkctrl|inclk[0]                          ;
; 0.500  ; 0.500        ; 0.000          ; High Pulse Width ; clk   ; Rise       ; clk~clkctrl|outclk                            ;
; 0.500  ; 0.500        ; 0.000          ; Low Pulse Width  ; clk   ; Rise       ; clk~clkctrl|outclk                            ;
; 0.500  ; 0.500        ; 0.000          ; High Pulse Width ; clk   ; Rise       ; cont_de|cont16|CONT[0]|clk                    ;
; 0.500  ; 0.500        ; 0.000          ; Low Pulse Width  ; clk   ; Rise       ; cont_de|cont16|CONT[0]|clk                    ;
; 0.500  ; 0.500        ; 0.000          ; High Pulse Width ; clk   ; Rise       ; cont_de|cont16|CONT[1]|clk                    ;
; 0.500  ; 0.500        ; 0.000          ; Low Pulse Width  ; clk   ; Rise       ; cont_de|cont16|CONT[1]|clk                    ;
; 0.500  ; 0.500        ; 0.000          ; High Pulse Width ; clk   ; Rise       ; cont_de|cont16|CONT[2]|clk                    ;
; 0.500  ; 0.500        ; 0.000          ; Low Pulse Width  ; clk   ; Rise       ; cont_de|cont16|CONT[2]|clk                    ;
; 0.500  ; 0.500        ; 0.000          ; High Pulse Width ; clk   ; Rise       ; cont_de|cont16|CONT[3]|clk                    ;
; 0.500  ; 0.500        ; 0.000          ; Low Pulse Width  ; clk   ; Rise       ; cont_de|cont16|CONT[3]|clk                    ;
; 0.500  ; 0.500        ; 0.000          ; High Pulse Width ; clk   ; Rise       ; cont_un|cont16|CONT[0]|clk                    ;
; 0.500  ; 0.500        ; 0.000          ; Low Pulse Width  ; clk   ; Rise       ; cont_un|cont16|CONT[0]|clk                    ;
; 0.500  ; 0.500        ; 0.000          ; High Pulse Width ; clk   ; Rise       ; cont_un|cont16|CONT[1]|clk                    ;
; 0.500  ; 0.500        ; 0.000          ; Low Pulse Width  ; clk   ; Rise       ; cont_un|cont16|CONT[1]|clk                    ;
; 0.500  ; 0.500        ; 0.000          ; High Pulse Width ; clk   ; Rise       ; cont_un|cont16|CONT[2]|clk                    ;
; 0.500  ; 0.500        ; 0.000          ; Low Pulse Width  ; clk   ; Rise       ; cont_un|cont16|CONT[2]|clk                    ;
; 0.500  ; 0.500        ; 0.000          ; High Pulse Width ; clk   ; Rise       ; cont_un|cont16|CONT[3]|clk                    ;
; 0.500  ; 0.500        ; 0.000          ; Low Pulse Width  ; clk   ; Rise       ; cont_un|cont16|CONT[3]|clk                    ;
+--------+--------------+----------------+------------------+-------+------------+-----------------------------------------------+


+-----------------------------------------------------------------------+
; Setup Times                                                           ;
+-----------+------------+-------+-------+------------+-----------------+
; Data Port ; Clock Port ; Rise  ; Fall  ; Clock Edge ; Clock Reference ;
+-----------+------------+-------+-------+------------+-----------------+
; en        ; clk        ; 0.084 ; 0.084 ; Rise       ; clk             ;
; rst       ; clk        ; 0.085 ; 0.085 ; Rise       ; clk             ;
+-----------+------------+-------+-------+------------+-----------------+


+-----------------------------------------------------------------------+
; Hold Times                                                            ;
+-----------+------------+-------+-------+------------+-----------------+
; Data Port ; Clock Port ; Rise  ; Fall  ; Clock Edge ; Clock Reference ;
+-----------+------------+-------+-------+------------+-----------------+
; en        ; clk        ; 0.418 ; 0.418 ; Rise       ; clk             ;
; rst       ; clk        ; 0.155 ; 0.155 ; Rise       ; clk             ;
+-----------+------------+-------+-------+------------+-----------------+


+------------------------------------------------------------------------+
; Clock to Output Times                                                  ;
+------------+------------+-------+-------+------------+-----------------+
; Data Port  ; Clock Port ; Rise  ; Fall  ; Clock Edge ; Clock Reference ;
+------------+------------+-------+-------+------------+-----------------+
; out_de[*]  ; clk        ; 3.792 ; 3.792 ; Rise       ; clk             ;
;  out_de[0] ; clk        ; 3.791 ; 3.791 ; Rise       ; clk             ;
;  out_de[1] ; clk        ; 3.792 ; 3.792 ; Rise       ; clk             ;
;  out_de[2] ; clk        ; 3.747 ; 3.747 ; Rise       ; clk             ;
;  out_de[3] ; clk        ; 3.770 ; 3.770 ; Rise       ; clk             ;
; out_un[*]  ; clk        ; 3.783 ; 3.783 ; Rise       ; clk             ;
;  out_un[0] ; clk        ; 3.783 ; 3.783 ; Rise       ; clk             ;
;  out_un[1] ; clk        ; 3.779 ; 3.779 ; Rise       ; clk             ;
;  out_un[2] ; clk        ; 3.774 ; 3.774 ; Rise       ; clk             ;
;  out_un[3] ; clk        ; 3.778 ; 3.778 ; Rise       ; clk             ;
+------------+------------+-------+-------+------------+-----------------+


+------------------------------------------------------------------------+
; Minimum Clock to Output Times                                          ;
+------------+------------+-------+-------+------------+-----------------+
; Data Port  ; Clock Port ; Rise  ; Fall  ; Clock Edge ; Clock Reference ;
+------------+------------+-------+-------+------------+-----------------+
; out_de[*]  ; clk        ; 3.747 ; 3.747 ; Rise       ; clk             ;
;  out_de[0] ; clk        ; 3.791 ; 3.791 ; Rise       ; clk             ;
;  out_de[1] ; clk        ; 3.792 ; 3.792 ; Rise       ; clk             ;
;  out_de[2] ; clk        ; 3.747 ; 3.747 ; Rise       ; clk             ;
;  out_de[3] ; clk        ; 3.770 ; 3.770 ; Rise       ; clk             ;
; out_un[*]  ; clk        ; 3.774 ; 3.774 ; Rise       ; clk             ;
;  out_un[0] ; clk        ; 3.783 ; 3.783 ; Rise       ; clk             ;
;  out_un[1] ; clk        ; 3.779 ; 3.779 ; Rise       ; clk             ;
;  out_un[2] ; clk        ; 3.774 ; 3.774 ; Rise       ; clk             ;
;  out_un[3] ; clk        ; 3.778 ; 3.778 ; Rise       ; clk             ;
+------------+------------+-------+-------+------------+-----------------+


+-------------------------------------------------------------------------------+
; Multicorner Timing Analysis Summary                                           ;
+------------------+---------+-------+----------+---------+---------------------+
; Clock            ; Setup   ; Hold  ; Recovery ; Removal ; Minimum Pulse Width ;
+------------------+---------+-------+----------+---------+---------------------+
; Worst-case Slack ; -1.470  ; 0.215 ; N/A      ; N/A     ; -1.380              ;
;  clk             ; -1.470  ; 0.215 ; N/A      ; N/A     ; -1.380              ;
; Design-wide TNS  ; -10.268 ; 0.0   ; 0.0      ; 0.0     ; -9.38               ;
;  clk             ; -10.268 ; 0.000 ; N/A      ; N/A     ; -9.380              ;
+------------------+---------+-------+----------+---------+---------------------+


+-----------------------------------------------------------------------+
; Setup Times                                                           ;
+-----------+------------+-------+-------+------------+-----------------+
; Data Port ; Clock Port ; Rise  ; Fall  ; Clock Edge ; Clock Reference ;
+-----------+------------+-------+-------+------------+-----------------+
; en        ; clk        ; 0.879 ; 0.879 ; Rise       ; clk             ;
; rst       ; clk        ; 0.885 ; 0.885 ; Rise       ; clk             ;
+-----------+------------+-------+-------+------------+-----------------+


+-----------------------------------------------------------------------+
; Hold Times                                                            ;
+-----------+------------+-------+-------+------------+-----------------+
; Data Port ; Clock Port ; Rise  ; Fall  ; Clock Edge ; Clock Reference ;
+-----------+------------+-------+-------+------------+-----------------+
; en        ; clk        ; 0.418 ; 0.418 ; Rise       ; clk             ;
; rst       ; clk        ; 0.155 ; 0.155 ; Rise       ; clk             ;
+-----------+------------+-------+-------+------------+-----------------+


+------------------------------------------------------------------------+
; Clock to Output Times                                                  ;
+------------+------------+-------+-------+------------+-----------------+
; Data Port  ; Clock Port ; Rise  ; Fall  ; Clock Edge ; Clock Reference ;
+------------+------------+-------+-------+------------+-----------------+
; out_de[*]  ; clk        ; 6.674 ; 6.674 ; Rise       ; clk             ;
;  out_de[0] ; clk        ; 6.674 ; 6.674 ; Rise       ; clk             ;
;  out_de[1] ; clk        ; 6.673 ; 6.673 ; Rise       ; clk             ;
;  out_de[2] ; clk        ; 6.625 ; 6.625 ; Rise       ; clk             ;
;  out_de[3] ; clk        ; 6.648 ; 6.648 ; Rise       ; clk             ;
; out_un[*]  ; clk        ; 6.665 ; 6.665 ; Rise       ; clk             ;
;  out_un[0] ; clk        ; 6.665 ; 6.665 ; Rise       ; clk             ;
;  out_un[1] ; clk        ; 6.662 ; 6.662 ; Rise       ; clk             ;
;  out_un[2] ; clk        ; 6.659 ; 6.659 ; Rise       ; clk             ;
;  out_un[3] ; clk        ; 6.655 ; 6.655 ; Rise       ; clk             ;
+------------+------------+-------+-------+------------+-----------------+


+------------------------------------------------------------------------+
; Minimum Clock to Output Times                                          ;
+------------+------------+-------+-------+------------+-----------------+
; Data Port  ; Clock Port ; Rise  ; Fall  ; Clock Edge ; Clock Reference ;
+------------+------------+-------+-------+------------+-----------------+
; out_de[*]  ; clk        ; 3.747 ; 3.747 ; Rise       ; clk             ;
;  out_de[0] ; clk        ; 3.791 ; 3.791 ; Rise       ; clk             ;
;  out_de[1] ; clk        ; 3.792 ; 3.792 ; Rise       ; clk             ;
;  out_de[2] ; clk        ; 3.747 ; 3.747 ; Rise       ; clk             ;
;  out_de[3] ; clk        ; 3.770 ; 3.770 ; Rise       ; clk             ;
; out_un[*]  ; clk        ; 3.774 ; 3.774 ; Rise       ; clk             ;
;  out_un[0] ; clk        ; 3.783 ; 3.783 ; Rise       ; clk             ;
;  out_un[1] ; clk        ; 3.779 ; 3.779 ; Rise       ; clk             ;
;  out_un[2] ; clk        ; 3.774 ; 3.774 ; Rise       ; clk             ;
;  out_un[3] ; clk        ; 3.778 ; 3.778 ; Rise       ; clk             ;
+------------+------------+-------+-------+------------+-----------------+


+-------------------------------------------------------------------+
; Setup Transfers                                                   ;
+------------+----------+----------+----------+----------+----------+
; From Clock ; To Clock ; RR Paths ; FR Paths ; RF Paths ; FF Paths ;
+------------+----------+----------+----------+----------+----------+
; clk        ; clk      ; 122      ; 0        ; 0        ; 0        ;
+------------+----------+----------+----------+----------+----------+
Entries labeled "false path" only account for clock-to-clock false paths and not path-based false paths. As a result, actual path counts may be lower than reported.


+-------------------------------------------------------------------+
; Hold Transfers                                                    ;
+------------+----------+----------+----------+----------+----------+
; From Clock ; To Clock ; RR Paths ; FR Paths ; RF Paths ; FF Paths ;
+------------+----------+----------+----------+----------+----------+
; clk        ; clk      ; 122      ; 0        ; 0        ; 0        ;
+------------+----------+----------+----------+----------+----------+
Entries labeled "false path" only account for clock-to-clock false paths and not path-based false paths. As a result, actual path counts may be lower than reported.


---------------
; Report TCCS ;
---------------
No dedicated SERDES Transmitter circuitry present in device or used in design


---------------
; Report RSKM ;
---------------
No dedicated SERDES Receiver circuitry present in device or used in design


+------------------------------------------------+
; Unconstrained Paths                            ;
+---------------------------------+-------+------+
; Property                        ; Setup ; Hold ;
+---------------------------------+-------+------+
; Illegal Clocks                  ; 0     ; 0    ;
; Unconstrained Clocks            ; 0     ; 0    ;
; Unconstrained Input Ports       ; 2     ; 2    ;
; Unconstrained Input Port Paths  ; 16    ; 16   ;
; Unconstrained Output Ports      ; 8     ; 8    ;
; Unconstrained Output Port Paths ; 8     ; 8    ;
+---------------------------------+-------+------+


+------------------------------------+
; TimeQuest Timing Analyzer Messages ;
+------------------------------------+
Info: *******************************************************************
Info: Running Quartus II 64-Bit TimeQuest Timing Analyzer
    Info: Version 13.0.1 Build 232 06/12/2013 Service Pack 1 SJ Web Edition
    Info: Processing started: Mon Mar 27 19:37:07 2023
Info: Command: quartus_sta cont_57 -c cont_57
Info: qsta_default_script.tcl version: #1
Info (20030): Parallel compilation is enabled and will use 16 of the 16 processors detected
Info (21077): Low junction temperature is 0 degrees C
Info (21077): High junction temperature is 85 degrees C
Critical Warning (332012): Synopsys Design Constraints File file not found: 'cont_57.sdc'. A Synopsys Design Constraints File is required by the TimeQuest Timing Analyzer to get proper timing constraints. Without it, the Compiler will not properly optimize the design.
Info (332142): No user constrained base clocks found in the design. Calling "derive_clocks -period 1.0"
Info (332105): Deriving Clocks
    Info (332105): create_clock -period 1.000 -name clk clk
Info: Found TIMEQUEST_REPORT_SCRIPT_INCLUDE_DEFAULT_ANALYSIS = ON
Info: Analyzing Slow Model
Critical Warning (332148): Timing requirements not met
Info (332146): Worst-case setup slack is -1.470
    Info (332119):     Slack End Point TNS Clock 
    Info (332119): ========= ============= =====================
    Info (332119):    -1.470       -10.268 clk 
Info (332146): Worst-case hold slack is 0.391
    Info (332119):     Slack End Point TNS Clock 
    Info (332119): ========= ============= =====================
    Info (332119):     0.391         0.000 clk 
Info (332140): No Recovery paths to report
Info (332140): No Removal paths to report
Info (332146): Worst-case minimum pulse width slack is -1.380
    Info (332119):     Slack End Point TNS Clock 
    Info (332119): ========= ============= =====================
    Info (332119):    -1.380        -9.380 clk 
Info (332001): The selected device family is not supported by the report_metastability command.
Info: Analyzing Fast Model
Critical Warning (332148): Timing requirements not met
Info (332146): Worst-case setup slack is -0.119
    Info (332119):     Slack End Point TNS Clock 
    Info (332119): ========= ============= =====================
    Info (332119):    -0.119        -0.332 clk 
Info (332146): Worst-case hold slack is 0.215
    Info (332119):     Slack End Point TNS Clock 
    Info (332119): ========= ============= =====================
    Info (332119):     0.215         0.000 clk 
Info (332140): No Recovery paths to report
Info (332140): No Removal paths to report
Info (332146): Worst-case minimum pulse width slack is -1.380
    Info (332119):     Slack End Point TNS Clock 
    Info (332119): ========= ============= =====================
    Info (332119):    -1.380        -9.380 clk 
Info (332001): The selected device family is not supported by the report_metastability command.
Info (332102): Design is not fully constrained for setup requirements
Info (332102): Design is not fully constrained for hold requirements
Info: Quartus II 64-Bit TimeQuest Timing Analyzer was successful. 0 errors, 3 warnings
    Info: Peak virtual memory: 4641 megabytes
    Info: Processing ended: Mon Mar 27 19:37:09 2023
    Info: Elapsed time: 00:00:02
    Info: Total CPU time (on all processors): 00:00:01


