Info: Starting: Create simulation model
Info: ip-generate --project-directory=C:/logica/Lab6/ --output-directory=C:/logica/Lab6/HostSystem/simulation/ --file-set=SIM_VHDL --report-file=sopcinfo:C:/logica/Lab6/HostSystem.sopcinfo --report-file=html:C:/logica/Lab6/HostSystem.html --report-file=sip:C:/logica/Lab6/HostSystem/simulation/HostSystem.sip --report-file=csv:C:/logica/Lab6/HostSystem.csv --report-file=spd:C:/logica/Lab6/HostSystem.spd --report-file=cmp:C:/logica/Lab6/HostSystem.cmp --system-info=DEVICE_FAMILY="Cyclone II" --system-info=DEVICE=EP2C35F672C6 --system-info=DEVICE_SPEEDGRADE=6 --component-file=C:/logica/Lab6/HostSystem.qsys
Progress: Loading Lab6/HostSystem.qsys
Progress: Reading input file
Progress: Adding clk [clock_source 13.0]
Progress: Parameterizing module clk
Progress: Adding memory [altera_avalon_onchip_memory2 13.0.1.99.2]
Progress: Parameterizing module memory
Progress: Adding cpu [altera_nios2_qsys 13.0]
Progress: Parameterizing module cpu
Progress: Adding bram_0 [bram 1.0]
Progress: Parameterizing module bram_0
Progress: Building connections
Progress: Parameterizing connections
Progress: Validating
Progress: Done reading input file
Warning: HostSystem.cpu: No Debugger.  You will not be able to download or debug programs
Info: HostSystem: Generating HostSystem "HostSystem" for SIM_VHDL
Info: pipeline_bridge_swap_transform: After transform: 4 modules, 10 connections
Info: No custom instruction connections, skipping transform 
Info: merlin_translator_transform: After transform: 8 modules, 22 connections
Info: merlin_domain_transform: After transform: 15 modules, 56 connections
Info: merlin_router_transform: After transform: 19 modules, 68 connections
Info: merlin_burst_transform: After transform: 20 modules, 71 connections
Info: reset_adaptation_transform: After transform: 21 modules, 73 connections
Info: merlin_network_to_switch_transform: After transform: 28 modules, 89 connections
Info: merlin_width_transform: After transform: 30 modules, 95 connections
Info: merlin_mm_transform: After transform: 30 modules, 95 connections
Info: merlin_interrupt_mapper_transform: After transform: 31 modules, 98 connections
Warning: HostSystem: "No matching role found for rst_controller:reset_out:reset_req (reset_req)"
Warning: HostSystem: "No matching role found for rst_controller:reset_out:reset_req (reset_req)"
Warning: HostSystem: "No matching role found for rst_controller:reset_out:reset_req (reset_req)"
Warning: HostSystem: "No matching role found for rst_controller:reset_out:reset_req (reset_req)"
Warning: HostSystem: "No matching role found for rst_controller:reset_out:reset_req (reset_req)"
Warning: HostSystem: "No matching role found for rst_controller:reset_out:reset_req (reset_req)"
Warning: HostSystem: "No matching role found for rst_controller:reset_out:reset_req (reset_req)"
Warning: HostSystem: "No matching role found for rst_controller:reset_out:reset_req (reset_req)"
Warning: HostSystem: "No matching role found for rst_controller:reset_out:reset_req (reset_req)"
Warning: HostSystem: "No matching role found for rst_controller:reset_out:reset_req (reset_req)"
Warning: HostSystem: "No matching role found for rst_controller:reset_out:reset_req (reset_req)"
Warning: HostSystem: "No matching role found for rst_controller:reset_out:reset_req (reset_req)"
Warning: HostSystem: "No matching role found for rst_controller:reset_out:reset_req (reset_req)"
Warning: HostSystem: "No matching role found for rst_controller:reset_out:reset_req (reset_req)"
Warning: HostSystem: "No matching role found for rst_controller:reset_out:reset_req (reset_req)"
Warning: HostSystem: "No matching role found for rst_controller:reset_out:reset_req (reset_req)"
Warning: HostSystem: "No matching role found for rst_controller:reset_out:reset_req (reset_req)"
Warning: HostSystem: "No matching role found for rst_controller:reset_out:reset_req (reset_req)"
Warning: HostSystem: "No matching role found for rst_controller:reset_out:reset_req (reset_req)"
Warning: HostSystem: "No matching role found for rst_controller:reset_out:reset_req (reset_req)"
Warning: HostSystem: "No matching role found for rst_controller:reset_out:reset_req (reset_req)"
Warning: HostSystem: "No matching role found for rst_controller:reset_out:reset_req (reset_req)"
Warning: HostSystem: "No matching role found for rst_controller:reset_out:reset_req (reset_req)"
Warning: HostSystem: "No matching role found for rst_controller:reset_out:reset_req (reset_req)"
Warning: HostSystem: "No matching role found for rst_controller:reset_out:reset_req (reset_req)"
Warning: HostSystem: "No matching role found for rst_controller:reset_out:reset_req (reset_req)"
Warning: HostSystem: "No matching role found for rst_controller:reset_out:reset_req (reset_req)"
Warning: HostSystem: "No matching role found for rst_controller:reset_out:reset_req (reset_req)"
Info: memory: Starting RTL generation for module 'HostSystem_memory'
Info: memory:   Generation command is [exec C:/altera/13.0sp1/quartus/bin/perl/bin/perl.exe -I C:/altera/13.0sp1/quartus/common/ip/altera/common/perl/5.8.3 -I C:/altera/13.0sp1/quartus/sopc_builder/bin/europa -I C:/altera/13.0sp1/quartus/sopc_builder/bin/perl_lib -I C:/altera/13.0sp1/quartus/sopc_builder/bin -I C:/altera/13.0sp1/quartus/../ip/altera/sopc_builder_ip/common -I C:/altera/13.0sp1/quartus/../ip/altera/sopc_builder_ip/altera_avalon_onchip_memory2 -- C:/altera/13.0sp1/quartus/../ip/altera/sopc_builder_ip/altera_avalon_onchip_memory2/generate_rtl.pl --name=HostSystem_memory --dir=C:/Users/mathe/AppData/Local/Temp/alt9487_2816669818121901414.dir/0002_memory_gen/ --quartus_dir=C:/altera/13.0sp1/quartus --vhdl --config=C:/Users/mathe/AppData/Local/Temp/alt9487_2816669818121901414.dir/0002_memory_gen//HostSystem_memory_component_configuration.pl  --do_build_sim=1    --sim_dir=C:/Users/mathe/AppData/Local/Temp/alt9487_2816669818121901414.dir/0002_memory_gen/  ]
Info: memory: Done RTL generation for module 'HostSystem_memory'
Info: memory: "HostSystem" instantiated altera_avalon_onchip_memory2 "memory"
Info: cpu: Starting RTL generation for module 'HostSystem_cpu'
Info: cpu:   Generation command is [exec C:/altera/13.0sp1/quartus/../ip/altera/nios2_ip/altera_nios2/eperl.exe -I C:/altera/13.0sp1/quartus/common/ip/altera/common/perl/5.8.3 -I C:/altera/13.0sp1/quartus/sopc_builder/bin/europa -I C:/altera/13.0sp1/quartus/sopc_builder/bin/perl_lib -I C:/altera/13.0sp1/quartus/sopc_builder/bin -I C:/altera/13.0sp1/quartus/../ip/altera/nios2_ip/altera_nios2/cpu_lib -I C:/altera/13.0sp1/quartus/../ip/altera/nios2_ip/altera_nios2/nios_lib -I C:/altera/13.0sp1/quartus/../ip/altera/nios2_ip/altera_nios2 -I C:/altera/13.0sp1/quartus/../ip/altera/nios2_ip/altera_nios2 -- C:/altera/13.0sp1/quartus/../ip/altera/nios2_ip/altera_nios2/generate_rtl.epl --name=HostSystem_cpu --dir=C:/Users/mathe/AppData/Local/Temp/alt9487_2816669818121901414.dir/0003_cpu_gen/ --quartus_dir=C:/altera/13.0sp1/quartus --vhdl --config=C:/Users/mathe/AppData/Local/Temp/alt9487_2816669818121901414.dir/0003_cpu_gen//HostSystem_cpu_processor_configuration.pl  --do_build_sim=1    --sim_dir=C:/Users/mathe/AppData/Local/Temp/alt9487_2816669818121901414.dir/0003_cpu_gen/    --bogus  ]
Info: cpu: # 2023.05.10 20:50:53 (*) Starting Nios II generation
Info: cpu: # 2023.05.10 20:50:53 (*)   Checking for plaintext license.
Info: cpu: # 2023.05.10 20:50:53 (*)   Couldn't query license setup in Quartus directory C:/altera/13.0sp1/quartus
Info: cpu: # 2023.05.10 20:50:53 (*)   Defaulting to contents of LM_LICENSE_FILE environment variable
Info: cpu: # 2023.05.10 20:50:53 (*)   LM_LICENSE_FILE environment variable is empty
Info: cpu: # 2023.05.10 20:50:53 (*)   Plaintext license not found.
Info: cpu: # 2023.05.10 20:50:53 (*)   No license required to generate encrypted Nios II/e.
Info: cpu: # 2023.05.10 20:50:53 (*)   Elaborating CPU configuration settings
Info: cpu: # 2023.05.10 20:50:53 (*)   Creating all objects for CPU
Info: cpu: # 2023.05.10 20:50:54 (*)   Creating 'C:/Users/mathe/AppData/Local/Temp/alt9487_2816669818121901414.dir/0003_cpu_gen//HostSystem_cpu_nios2_waves.do'
Info: cpu: # 2023.05.10 20:50:54 (*)   Generating RTL from CPU objects
Info: cpu: # 2023.05.10 20:50:54 (*)   Creating plain-text RTL
Info: cpu: # 2023.05.10 20:50:55 (*) Done Nios II generation
Info: cpu: Done RTL generation for module 'HostSystem_cpu'
Info: cpu: "HostSystem" instantiated altera_nios2_qsys "cpu"
Info: bram_0: "HostSystem" instantiated bram "bram_0"
Info: cpu_instruction_master_translator: "HostSystem" instantiated altera_merlin_master_translator "cpu_instruction_master_translator"
Info: memory_s1_translator: "HostSystem" instantiated altera_merlin_slave_translator "memory_s1_translator"
Info: cpu_instruction_master_translator_avalon_universal_master_0_agent: "HostSystem" instantiated altera_merlin_master_agent "cpu_instruction_master_translator_avalon_universal_master_0_agent"
Info: memory_s1_translator_avalon_universal_slave_0_agent: "HostSystem" instantiated altera_merlin_slave_agent "memory_s1_translator_avalon_universal_slave_0_agent"
Info: memory_s1_translator_avalon_universal_slave_0_agent_rsp_fifo: Generating VHDL simulation model
Info: memory_s1_translator_avalon_universal_slave_0_agent_rsp_fifo: Generated simulation model HostSystem_memory_s1_translator_avalon_universal_slave_0_agent_rsp_fifo.vho
Info: memory_s1_translator_avalon_universal_slave_0_agent_rsp_fifo: "HostSystem" instantiated altera_avalon_sc_fifo "memory_s1_translator_avalon_universal_slave_0_agent_rsp_fifo"
Info: bram_0_avalon_slave_0_translator_avalon_universal_slave_0_agent_rsp_fifo: Generating VHDL simulation model
Info: bram_0_avalon_slave_0_translator_avalon_universal_slave_0_agent_rsp_fifo: Generated simulation model HostSystem_bram_0_avalon_slave_0_translator_avalon_universal_slave_0_agent_rsp_fifo.vho
Info: bram_0_avalon_slave_0_translator_avalon_universal_slave_0_agent_rsp_fifo: "HostSystem" instantiated altera_avalon_sc_fifo "bram_0_avalon_slave_0_translator_avalon_universal_slave_0_agent_rsp_fifo"
Info: addr_router: "HostSystem" instantiated altera_merlin_router "addr_router"
Info: id_router: "HostSystem" instantiated altera_merlin_router "id_router"
Info: id_router_001: "HostSystem" instantiated altera_merlin_router "id_router_001"
Info: burst_adapter: "HostSystem" instantiated altera_merlin_burst_adapter "burst_adapter"
Info: rst_controller: "HostSystem" instantiated altera_reset_controller "rst_controller"
Info: cmd_xbar_demux: Generating VHDL simulation model
Info: cmd_xbar_demux: Generated simulation model HostSystem_cmd_xbar_demux.vho
Info: cmd_xbar_demux: "HostSystem" instantiated altera_merlin_demultiplexer "cmd_xbar_demux"
Info: cmd_xbar_mux: Generating VHDL simulation model
Info: cmd_xbar_mux: Generated simulation model HostSystem_cmd_xbar_mux.vho
Info: cmd_xbar_mux: "HostSystem" instantiated altera_merlin_multiplexer "cmd_xbar_mux"
Info: rsp_xbar_mux: Generating VHDL simulation model
Info: rsp_xbar_mux: Generated simulation model HostSystem_rsp_xbar_mux.vho
Info: rsp_xbar_mux: "HostSystem" instantiated altera_merlin_multiplexer "rsp_xbar_mux"
Info: width_adapter: "HostSystem" instantiated altera_merlin_width_adapter "width_adapter"
Info: Reusing file C:/logica/Lab6/HostSystem/simulation/submodules/mentor/altera_merlin_address_alignment.sv
Info: Reusing file C:/logica/Lab6/HostSystem/simulation/submodules/mentor/altera_merlin_burst_uncompressor.sv
Info: Reusing file C:/logica/Lab6/HostSystem/simulation/submodules/aldec/altera_merlin_address_alignment.sv
Info: Reusing file C:/logica/Lab6/HostSystem/simulation/submodules/aldec/altera_merlin_burst_uncompressor.sv
Info: irq_mapper: Generating VHDL simulation model
Info: irq_mapper: Generated simulation model HostSystem_irq_mapper.vho
Info: irq_mapper: "HostSystem" instantiated altera_irq_mapper "irq_mapper"
Info: HostSystem: Done HostSystem" with 20 modules, 101 files, 3450742 bytes
Info: ip-generate succeeded.
Info: Finished: Create simulation model
Info: Starting: Create Modelsim Project.
Info: sim-script-gen --spd=C:/logica/Lab6/HostSystem.spd --output-directory=C:/logica/Lab6/HostSystem/simulation/
Info: Doing: ip-make-simscript --spd=C:/logica/Lab6/HostSystem.spd --output-directory=C:/logica/Lab6/HostSystem/simulation/
Info: Generating the following file(s) for MODELSIM simulator in C:/logica/Lab6/HostSystem/simulation/ directory:
Info: 	mentor/msim_setup.tcl
Info: Skipping VCS script generation since VHDL file $QUARTUS_INSTALL_DIR/eda/sim_lib/altera_syn_attributes.vhd is required for simulation
Info: Generating the following file(s) for VCSMX simulator in C:/logica/Lab6/HostSystem/simulation/ directory:
Info: 	synopsys/vcsmx/synopsys_sim.setup
Info: 	synopsys/vcsmx/vcsmx_setup.sh
Info: Generating the following file(s) for NCSIM simulator in C:/logica/Lab6/HostSystem/simulation/ directory:
Info: 	cadence/cds.lib
Info: 	cadence/hdl.var
Info: 	cadence/ncsim_setup.sh
Info: 	12 .cds.lib files in cadence/cds_libs/ directory
Info: Generating the following file(s) for RIVIERAPRO simulator in C:/logica/Lab6/HostSystem/simulation/ directory:
Info: 	aldec/rivierapro_setup.tcl
Info: Finished: Create Modelsim Project.
Info: 
Info: Starting: Create testbench Qsys system
Info: C:/logica/Lab6/HostSystem/testbench/HostSystem.ipx
Info: ip-generate --project-directory=C:/logica/Lab6/ --output-directory=C:/logica/Lab6/ --report-file=sopcinfo:C:/logica/Lab6/HostSystem.sopcinfo --report-file=html:C:/logica/Lab6/HostSystem.html --system-info=DEVICE_FAMILY="Cyclone II" --system-info=DEVICE=EP2C35F672C6 --system-info=DEVICE_SPEEDGRADE=6 --component-file=C:/logica/Lab6/HostSystem.qsys
Progress: Loading Lab6/HostSystem.qsys
Progress: Reading input file
Progress: Adding clk [clock_source 13.0]
Progress: Parameterizing module clk
Progress: Adding memory [altera_avalon_onchip_memory2 13.0.1.99.2]
Progress: Parameterizing module memory
Progress: Adding cpu [altera_nios2_qsys 13.0]
Progress: Parameterizing module cpu
Progress: Adding bram_0 [bram 1.0]
Progress: Parameterizing module bram_0
Progress: Building connections
Progress: Parameterizing connections
Progress: Validating
Progress: Done reading input file
Warning: HostSystem.cpu: No Debugger.  You will not be able to download or debug programs
Info: ip-generate succeeded.
Info: Loading component library for testbench.
Progress: 
Progress: 
Progress: 
Progress: (1) searching C:/altera/13.0sp1/quartus/sopc_builder/bin/root_components.ipx (ipx file)
Info: Reading index C:/altera/13.0sp1/quartus/sopc_builder/bin/root_components.ipx
Info: C:/altera/13.0sp1/quartus/sopc_builder/bin/root_components.ipx: Loading now from components.ipx
Info: Reading index C:/altera/13.0sp1/quartus/sopc_builder/bin/ip_component_categories.ipx
Info: C:/altera/13.0sp1/quartus/sopc_builder/bin/ip_component_categories.ipx described 0 plugins, 0 paths, in 0,01 seconds
Info: C:/altera/13.0sp1/quartus/sopc_builder/bin/ip_component_categories.ipx matched 1 files in 0,01 seconds
Info: Reading index C:/altera/13.0sp1/ip/altera/altera_components.ipx
Info: C:/altera/13.0sp1/ip/altera/altera_components.ipx described 848 plugins, 0 paths, in 0,10 seconds
Info: C:/altera/13.0sp1/ip/**/* matched 97 files in 0,10 seconds
Info: C:/Users/mathe/.altera.quartus/ip/13.0sp1/**/* matched 0 files in 0,00 seconds
Info: C:/logica/Lab6/HostSystem/testbench/ip/**/* matched 0 files in 0,00 seconds
Info: Reading index C:/logica/Lab6/HostSystem/testbench/HostSystem.ipx
Progress: Loading Lab6/HostSystem.qsys
Progress: Loading Lab6/bram_hw.tcl
Info: C:/logica/Lab6/* matched 16 files in 0,03 seconds
Info: C:/logica/Lab6/ip/**/* matched 0 files in 0,00 seconds
Info: C:/logica/Lab6/*/* matched 24 files in 0,00 seconds
Info: C:/logica/Lab6/HostSystem/testbench/HostSystem.ipx described 0 plugins, 3 paths, in 0,04 seconds
Info: C:/logica/Lab6/HostSystem/testbench/* matched 1 files in 0,04 seconds
Info: C:/logica/Lab6/HostSystem/testbench/*/* matched 0 files in 0,00 seconds
Info: Reading index C:/altera/13.0sp1/quartus/sopc_builder/builtin.ipx
Info: C:/altera/13.0sp1/quartus/sopc_builder/builtin.ipx described 103 plugins, 0 paths, in 0,01 seconds
Info: C:/altera/13.0sp1/quartus/sopc_builder/**/* matched 9 files in 0,01 seconds
Info: Reading index C:/altera/13.0sp1/quartus/common/librarian/factories/index.ipx
Info: C:/altera/13.0sp1/quartus/common/librarian/factories/index.ipx described 151 plugins, 0 paths, in 0,01 seconds
Info: C:/altera/13.0sp1/quartus/common/librarian/factories/**/* matched 4 files in 0,01 seconds
Info: C:/altera/13.0sp1/quartus/sopc_builder/bin/$IP_IPX_PATH matched 1 files in 0,00 seconds
Info: C:/altera/13.0sp1/quartus/sopc_builder/bin/root_components.ipx described 0 plugins, 9 paths, in 0,18 seconds
Info: C:/altera/13.0sp1/quartus/sopc_builder/bin/root_components.ipx matched 1 files in 0,18 seconds
Progress: 
Progress: 
Progress: 
Info: Loading presets
Progress: Loading presets
Info: Running script C:/altera/13.0sp1/quartus/sopc_builder/bin/tbgen.tcl
Info: acds::register_package_version 12.1
Info: send_message Info TB_Gen: QSYS Testbench Generator Rev: $Revision: #2 $
Info: TB_Gen: QSYS Testbench Generator Rev: $Revision: #2 $
Info: get_module_property NAME
Info: send_message Info TB_Gen: System design is: HostSystem
Info: TB_Gen: System design is: HostSystem
Info: get_interfaces 
Info: get_connections 
Info: get_interface_property clk EXPORT_OF
Info: get_instance_property clk CLASS_NAME
Info: get_instance_assignment clk testbench.partner.map.clk_in
Info: get_interface_property reset EXPORT_OF
Info: get_instance_property clk CLASS_NAME
Info: get_instance_assignment clk testbench.partner.map.clk_in_reset
Info: send_message Info TB_Gen: Creating testbench system : HostSystem_tb with clock and reset BFMs
Info: TB_Gen: Creating testbench system : HostSystem_tb with clock and reset BFMs
Info: create_system HostSystem_tb
Info: add_instance HostSystem_inst HostSystem 
Info: set_use_testbench_naming_pattern true
Info: get_instance_interfaces HostSystem_inst
Info: get_instance_interface_property HostSystem_inst clk CLASS_NAME
Info: get_instance_interface_property HostSystem_inst reset CLASS_NAME
Info: get_instance_interface_property HostSystem_inst clk CLASS_NAME
Info: send_message Info TB_Gen: clock_sink found: clk
Info: TB_Gen: clock_sink found: clk
Info: get_instance_interface_property HostSystem_inst clk CLASS_NAME
Info: add_instance HostSystem_inst_clk_bfm altera_avalon_clock_source 
Info: get_instance_property HostSystem_inst_clk_bfm CLASS_NAME
Info: get_instance_interface_parameter_value HostSystem_inst clk clockRate
Info: set_instance_parameter_value HostSystem_inst_clk_bfm CLOCK_RATE 50000000.0
Info: set_instance_parameter_value HostSystem_inst_clk_bfm CLOCK_UNIT 1
Info: get_instance_property HostSystem_inst_clk_bfm CLASS_NAME
Info: get_instance_interface_property HostSystem_inst clk CLASS_NAME
Info: get_instance_interfaces HostSystem_inst_clk_bfm
Info: get_instance_interface_property HostSystem_inst_clk_bfm clk CLASS_NAME
Info: add_connection HostSystem_inst_clk_bfm.clk HostSystem_inst.clk
Info: get_instance_interface_property HostSystem_inst reset CLASS_NAME
Info: send_message Info TB_Gen: reset_sink found: reset
Info: TB_Gen: reset_sink found: reset
Info: get_instance_interface_property HostSystem_inst reset CLASS_NAME
Info: add_instance HostSystem_inst_reset_bfm altera_avalon_reset_source 
Info: get_instance_property HostSystem_inst_reset_bfm CLASS_NAME
Info: get_instance_interface_ports HostSystem_inst reset
Info: get_instance_interface_port_property HostSystem_inst reset reset_reset_n ROLE
Info: set_instance_parameter_value HostSystem_inst_reset_bfm ASSERT_HIGH_RESET 0
Info: set_instance_parameter_value HostSystem_inst_reset_bfm INITIAL_RESET_CYCLES 50
Info: get_instance_property HostSystem_inst_reset_bfm CLASS_NAME
Info: get_instance_interfaces HostSystem_inst_reset_bfm
Info: get_instance_interface_property HostSystem_inst_reset_bfm reset CLASS_NAME
Info: get_instance_interface_property HostSystem_inst_reset_bfm clk CLASS_NAME
Info: get_instance_property HostSystem_inst_reset_bfm CLASS_NAME
Info: get_instance_interface_parameter_value HostSystem_inst reset associatedClock
Info: get_instance_interfaces HostSystem_inst_clk_bfm
Info: get_instance_interface_property HostSystem_inst_clk_bfm clk CLASS_NAME
Info: send_message Warning TB_Gen: HostSystem_inst_reset_bfm is not associated to any clock; connecting HostSystem_inst_reset_bfm to 'HostSystem_inst_clk_bfm.clk'
Warning: TB_Gen: HostSystem_inst_reset_bfm is not associated to any clock; connecting HostSystem_inst_reset_bfm to 'HostSystem_inst_clk_bfm.clk'
Info: add_connection HostSystem_inst_clk_bfm.clk HostSystem_inst_reset_bfm.clk
Info: get_instance_interface_property HostSystem_inst reset CLASS_NAME
Info: get_instance_interfaces HostSystem_inst_reset_bfm
Info: get_instance_interface_property HostSystem_inst_reset_bfm reset CLASS_NAME
Info: get_instance_interface_property HostSystem_inst_reset_bfm clk CLASS_NAME
Info: add_connection HostSystem_inst_reset_bfm.reset HostSystem_inst.reset
Info: send_message Info TB_Gen: Saving testbench system: HostSystem_tb.qsys
Info: TB_Gen: Saving testbench system: HostSystem_tb.qsys
Info: save_system HostSystem_tb.qsys
Info: send_message Info TB_Gen: TBGEN SUCCESSFUL
Info: TB_Gen: TBGEN SUCCESSFUL
Info: Testbench system: C:/logica/Lab6/HostSystem/testbench/HostSystem_tb.qsys
Info: Done
Info: ip-generate --project-directory=C:/logica/Lab6/HostSystem/testbench/ --output-directory=C:/logica/Lab6/HostSystem/testbench/HostSystem_tb/simulation/ --file-set=SIM_VHDL --report-file=html:C:/logica/Lab6/HostSystem/testbench/HostSystem_tb.html --system-info=DEVICE_FAMILY="Cyclone II" --system-info=DEVICE=EP2C35F672C6 --system-info=DEVICE_SPEEDGRADE=6 --component-file=C:/logica/Lab6/HostSystem/testbench/HostSystem_tb.qsys --report-file=csv:C:/logica/Lab6/HostSystem_tb.csv --report-file=spd:C:/logica/Lab6/HostSystem_tb.spd
Progress: Loading testbench/HostSystem_tb.qsys
Progress: Reading input file
Progress: Adding HostSystem_inst [HostSystem 1.0]
Progress: Parameterizing module HostSystem_inst
Progress: Adding HostSystem_inst_clk_bfm [altera_avalon_clock_source 13.0]
Progress: Parameterizing module HostSystem_inst_clk_bfm
Progress: Adding HostSystem_inst_reset_bfm [altera_avalon_reset_source 13.0]
Progress: Parameterizing module HostSystem_inst_reset_bfm
Progress: Building connections
Progress: Parameterizing connections
Progress: Validating
Progress: Done reading input file
Warning: HostSystem_tb.HostSystem_inst.cpu: No Debugger.  You will not be able to download or debug programs
Info: HostSystem_tb.HostSystem_inst_clk_bfm: Elaborate: altera_clock_source
Info: HostSystem_tb.HostSystem_inst_clk_bfm:            $Revision: #1 $
Info: HostSystem_tb.HostSystem_inst_clk_bfm:            $Date: 2013/03/07 $
Info: HostSystem_tb.HostSystem_inst_reset_bfm: Elaborate: altera_reset_source
Info: HostSystem_tb.HostSystem_inst_reset_bfm:            $Revision: #1 $
Info: HostSystem_tb.HostSystem_inst_reset_bfm:            $Date: 2013/03/07 $
Info: HostSystem_tb.HostSystem_inst_reset_bfm: Reset is negatively asserted.
Info: HostSystem_tb: Generating HostSystem_tb "HostSystem_tb" for SIM_VHDL
Info: pipeline_bridge_swap_transform: After transform: 3 modules, 3 connections
Info: No custom instruction connections, skipping transform 
Info: No Avalon connections, skipping transform 
Info: merlin_translator_transform: After transform: 3 modules, 3 connections
Info: pipeline_bridge_swap_transform: After transform: 4 modules, 10 connections
Info: No custom instruction connections, skipping transform 
Info: merlin_translator_transform: After transform: 8 modules, 22 connections
Info: merlin_domain_transform: After transform: 15 modules, 56 connections
Info: merlin_router_transform: After transform: 19 modules, 68 connections
Info: merlin_burst_transform: After transform: 20 modules, 71 connections
Info: reset_adaptation_transform: After transform: 21 modules, 73 connections
Info: merlin_network_to_switch_transform: After transform: 28 modules, 89 connections
Info: merlin_width_transform: After transform: 30 modules, 95 connections
Info: merlin_mm_transform: After transform: 30 modules, 95 connections
Info: merlin_interrupt_mapper_transform: After transform: 31 modules, 98 connections
Warning: HostSystem_inst: "No matching role found for rst_controller:reset_out:reset_req (reset_req)"
Warning: HostSystem_inst: "No matching role found for rst_controller:reset_out:reset_req (reset_req)"
Warning: HostSystem_inst: "No matching role found for rst_controller:reset_out:reset_req (reset_req)"
Warning: HostSystem_inst: "No matching role found for rst_controller:reset_out:reset_req (reset_req)"
Warning: HostSystem_inst: "No matching role found for rst_controller:reset_out:reset_req (reset_req)"
Warning: HostSystem_inst: "No matching role found for rst_controller:reset_out:reset_req (reset_req)"
Warning: HostSystem_inst: "No matching role found for rst_controller:reset_out:reset_req (reset_req)"
Warning: HostSystem_inst: "No matching role found for rst_controller:reset_out:reset_req (reset_req)"
Warning: HostSystem_inst: "No matching role found for rst_controller:reset_out:reset_req (reset_req)"
Warning: HostSystem_inst: "No matching role found for rst_controller:reset_out:reset_req (reset_req)"
Warning: HostSystem_inst: "No matching role found for rst_controller:reset_out:reset_req (reset_req)"
Warning: HostSystem_inst: "No matching role found for rst_controller:reset_out:reset_req (reset_req)"
Warning: HostSystem_inst: "No matching role found for rst_controller:reset_out:reset_req (reset_req)"
Warning: HostSystem_inst: "No matching role found for rst_controller:reset_out:reset_req (reset_req)"
Warning: HostSystem_inst: "No matching role found for rst_controller:reset_out:reset_req (reset_req)"
Warning: HostSystem_inst: "No matching role found for rst_controller:reset_out:reset_req (reset_req)"
Warning: HostSystem_inst: "No matching role found for rst_controller:reset_out:reset_req (reset_req)"
Warning: HostSystem_inst: "No matching role found for rst_controller:reset_out:reset_req (reset_req)"
Warning: HostSystem_inst: "No matching role found for rst_controller:reset_out:reset_req (reset_req)"
Warning: HostSystem_inst: "No matching role found for rst_controller:reset_out:reset_req (reset_req)"
Warning: HostSystem_inst: "No matching role found for rst_controller:reset_out:reset_req (reset_req)"
Warning: HostSystem_inst: "No matching role found for rst_controller:reset_out:reset_req (reset_req)"
Warning: HostSystem_inst: "No matching role found for rst_controller:reset_out:reset_req (reset_req)"
Warning: HostSystem_inst: "No matching role found for rst_controller:reset_out:reset_req (reset_req)"
Warning: HostSystem_inst: "No matching role found for rst_controller:reset_out:reset_req (reset_req)"
Warning: HostSystem_inst: "No matching role found for rst_controller:reset_out:reset_req (reset_req)"
Warning: HostSystem_inst: "No matching role found for rst_controller:reset_out:reset_req (reset_req)"
Warning: HostSystem_inst: "No matching role found for rst_controller:reset_out:reset_req (reset_req)"
Info: HostSystem_inst: "HostSystem_tb" instantiated HostSystem "HostSystem_inst"
Info: HostSystem_inst_clk_bfm: "HostSystem_tb" instantiated altera_avalon_clock_source "HostSystem_inst_clk_bfm"
Info: HostSystem_inst_reset_bfm: "HostSystem_tb" instantiated altera_avalon_reset_source "HostSystem_inst_reset_bfm"
Info: memory: Starting RTL generation for module 'HostSystem_memory'
Info: memory:   Generation command is [exec C:/altera/13.0sp1/quartus/bin/perl/bin/perl.exe -I C:/altera/13.0sp1/quartus/common/ip/altera/common/perl/5.8.3 -I C:/altera/13.0sp1/quartus/sopc_builder/bin/europa -I C:/altera/13.0sp1/quartus/sopc_builder/bin/perl_lib -I C:/altera/13.0sp1/quartus/sopc_builder/bin -I C:/altera/13.0sp1/quartus/../ip/altera/sopc_builder_ip/common -I C:/altera/13.0sp1/quartus/../ip/altera/sopc_builder_ip/altera_avalon_onchip_memory2 -- C:/altera/13.0sp1/quartus/../ip/altera/sopc_builder_ip/altera_avalon_onchip_memory2/generate_rtl.pl --name=HostSystem_memory --dir=C:/Users/mathe/AppData/Local/Temp/alt9487_2816669818121901414.dir/0042_memory_gen/ --quartus_dir=C:/altera/13.0sp1/quartus --vhdl --config=C:/Users/mathe/AppData/Local/Temp/alt9487_2816669818121901414.dir/0042_memory_gen//HostSystem_memory_component_configuration.pl  --do_build_sim=1    --sim_dir=C:/Users/mathe/AppData/Local/Temp/alt9487_2816669818121901414.dir/0042_memory_gen/  ]
Info: memory: Done RTL generation for module 'HostSystem_memory'
Info: memory: "HostSystem_inst" instantiated altera_avalon_onchip_memory2 "memory"
Info: cpu: Starting RTL generation for module 'HostSystem_cpu'
Info: cpu:   Generation command is [exec C:/altera/13.0sp1/quartus/../ip/altera/nios2_ip/altera_nios2/eperl.exe -I C:/altera/13.0sp1/quartus/common/ip/altera/common/perl/5.8.3 -I C:/altera/13.0sp1/quartus/sopc_builder/bin/europa -I C:/altera/13.0sp1/quartus/sopc_builder/bin/perl_lib -I C:/altera/13.0sp1/quartus/sopc_builder/bin -I C:/altera/13.0sp1/quartus/../ip/altera/nios2_ip/altera_nios2/cpu_lib -I C:/altera/13.0sp1/quartus/../ip/altera/nios2_ip/altera_nios2/nios_lib -I C:/altera/13.0sp1/quartus/../ip/altera/nios2_ip/altera_nios2 -I C:/altera/13.0sp1/quartus/../ip/altera/nios2_ip/altera_nios2 -- C:/altera/13.0sp1/quartus/../ip/altera/nios2_ip/altera_nios2/generate_rtl.epl --name=HostSystem_cpu --dir=C:/Users/mathe/AppData/Local/Temp/alt9487_2816669818121901414.dir/0043_cpu_gen/ --quartus_dir=C:/altera/13.0sp1/quartus --vhdl --config=C:/Users/mathe/AppData/Local/Temp/alt9487_2816669818121901414.dir/0043_cpu_gen//HostSystem_cpu_processor_configuration.pl  --do_build_sim=1    --sim_dir=C:/Users/mathe/AppData/Local/Temp/alt9487_2816669818121901414.dir/0043_cpu_gen/    --bogus  ]
Info: cpu: # 2023.05.10 20:51:09 (*) Starting Nios II generation
Info: cpu: # 2023.05.10 20:51:09 (*)   Checking for plaintext license.
Info: cpu: # 2023.05.10 20:51:10 (*)   Couldn't query license setup in Quartus directory C:/altera/13.0sp1/quartus
Info: cpu: # 2023.05.10 20:51:10 (*)   Defaulting to contents of LM_LICENSE_FILE environment variable
Info: cpu: # 2023.05.10 20:51:10 (*)   LM_LICENSE_FILE environment variable is empty
Info: cpu: # 2023.05.10 20:51:10 (*)   Plaintext license not found.
Info: cpu: # 2023.05.10 20:51:10 (*)   No license required to generate encrypted Nios II/e.
Info: cpu: # 2023.05.10 20:51:10 (*)   Elaborating CPU configuration settings
Info: cpu: # 2023.05.10 20:51:10 (*)   Creating all objects for CPU
Info: cpu: # 2023.05.10 20:51:10 (*)   Creating 'C:/Users/mathe/AppData/Local/Temp/alt9487_2816669818121901414.dir/0043_cpu_gen//HostSystem_cpu_nios2_waves.do'
Info: cpu: # 2023.05.10 20:51:10 (*)   Generating RTL from CPU objects
Info: cpu: # 2023.05.10 20:51:10 (*)   Creating plain-text RTL
Info: cpu: # 2023.05.10 20:51:11 (*) Done Nios II generation
Info: cpu: Done RTL generation for module 'HostSystem_cpu'
Info: cpu: "HostSystem_inst" instantiated altera_nios2_qsys "cpu"
Info: bram_0: "HostSystem_inst" instantiated bram "bram_0"
Info: cpu_instruction_master_translator: "HostSystem_inst" instantiated altera_merlin_master_translator "cpu_instruction_master_translator"
Info: memory_s1_translator: "HostSystem_inst" instantiated altera_merlin_slave_translator "memory_s1_translator"
Info: cpu_instruction_master_translator_avalon_universal_master_0_agent: "HostSystem_inst" instantiated altera_merlin_master_agent "cpu_instruction_master_translator_avalon_universal_master_0_agent"
Info: memory_s1_translator_avalon_universal_slave_0_agent: "HostSystem_inst" instantiated altera_merlin_slave_agent "memory_s1_translator_avalon_universal_slave_0_agent"
Info: memory_s1_translator_avalon_universal_slave_0_agent_rsp_fifo: Generating VHDL simulation model
Info: memory_s1_translator_avalon_universal_slave_0_agent_rsp_fifo: Generated simulation model HostSystem_memory_s1_translator_avalon_universal_slave_0_agent_rsp_fifo.vho
Info: memory_s1_translator_avalon_universal_slave_0_agent_rsp_fifo: "HostSystem_inst" instantiated altera_avalon_sc_fifo "memory_s1_translator_avalon_universal_slave_0_agent_rsp_fifo"
Info: bram_0_avalon_slave_0_translator_avalon_universal_slave_0_agent_rsp_fifo: Generating VHDL simulation model
Info: bram_0_avalon_slave_0_translator_avalon_universal_slave_0_agent_rsp_fifo: Generated simulation model HostSystem_bram_0_avalon_slave_0_translator_avalon_universal_slave_0_agent_rsp_fifo.vho
Info: bram_0_avalon_slave_0_translator_avalon_universal_slave_0_agent_rsp_fifo: "HostSystem_inst" instantiated altera_avalon_sc_fifo "bram_0_avalon_slave_0_translator_avalon_universal_slave_0_agent_rsp_fifo"
Info: addr_router: "HostSystem_inst" instantiated altera_merlin_router "addr_router"
Info: id_router: "HostSystem_inst" instantiated altera_merlin_router "id_router"
Info: id_router_001: "HostSystem_inst" instantiated altera_merlin_router "id_router_001"
Info: burst_adapter: "HostSystem_inst" instantiated altera_merlin_burst_adapter "burst_adapter"
Info: rst_controller: "HostSystem_inst" instantiated altera_reset_controller "rst_controller"
Info: cmd_xbar_demux: Generating VHDL simulation model
Info: cmd_xbar_demux: Generated simulation model HostSystem_cmd_xbar_demux.vho
Info: cmd_xbar_demux: "HostSystem_inst" instantiated altera_merlin_demultiplexer "cmd_xbar_demux"
Info: cmd_xbar_mux: Generating VHDL simulation model
Info: cmd_xbar_mux: Generated simulation model HostSystem_cmd_xbar_mux.vho
Info: cmd_xbar_mux: "HostSystem_inst" instantiated altera_merlin_multiplexer "cmd_xbar_mux"
Info: rsp_xbar_mux: Generating VHDL simulation model
Info: rsp_xbar_mux: Generated simulation model HostSystem_rsp_xbar_mux.vho
Info: rsp_xbar_mux: "HostSystem_inst" instantiated altera_merlin_multiplexer "rsp_xbar_mux"
Info: width_adapter: "HostSystem_inst" instantiated altera_merlin_width_adapter "width_adapter"
Info: Reusing file C:/logica/Lab6/HostSystem/testbench/HostSystem_tb/simulation/submodules/mentor/altera_merlin_address_alignment.sv
Info: Reusing file C:/logica/Lab6/HostSystem/testbench/HostSystem_tb/simulation/submodules/mentor/altera_merlin_burst_uncompressor.sv
Info: Reusing file C:/logica/Lab6/HostSystem/testbench/HostSystem_tb/simulation/submodules/aldec/altera_merlin_address_alignment.sv
Info: Reusing file C:/logica/Lab6/HostSystem/testbench/HostSystem_tb/simulation/submodules/aldec/altera_merlin_burst_uncompressor.sv
Info: irq_mapper: Generating VHDL simulation model
Info: irq_mapper: Generated simulation model HostSystem_irq_mapper.vho
Info: irq_mapper: "HostSystem_inst" instantiated altera_irq_mapper "irq_mapper"
Info: HostSystem_tb: Done HostSystem_tb" with 23 modules, 104 files, 3456203 bytes
Info: ip-generate succeeded.
Info: sim-script-gen --spd=C:/logica/Lab6/HostSystem_tb.spd --output-directory=C:/logica/Lab6/HostSystem/testbench/
Info: Doing: ip-make-simscript --spd=C:/logica/Lab6/HostSystem_tb.spd --output-directory=C:/logica/Lab6/HostSystem/testbench/
Info: Generating the following file(s) for MODELSIM simulator in C:/logica/Lab6/HostSystem/testbench/ directory:
Info: 	mentor/msim_setup.tcl
Info: Skipping VCS script generation since VHDL file $QUARTUS_INSTALL_DIR/eda/sim_lib/altera_syn_attributes.vhd is required for simulation
Info: Generating the following file(s) for VCSMX simulator in C:/logica/Lab6/HostSystem/testbench/ directory:
Info: 	synopsys/vcsmx/synopsys_sim.setup
Info: 	synopsys/vcsmx/vcsmx_setup.sh
Info: Generating the following file(s) for NCSIM simulator in C:/logica/Lab6/HostSystem/testbench/ directory:
Info: 	cadence/cds.lib
Info: 	cadence/hdl.var
Info: 	cadence/ncsim_setup.sh
Info: 	15 .cds.lib files in cadence/cds_libs/ directory
Info: Generating the following file(s) for RIVIERAPRO simulator in C:/logica/Lab6/HostSystem/testbench/ directory:
Info: 	aldec/rivierapro_setup.tcl
Info: Finished: Create testbench Qsys system
Info: Starting: Create block symbol file (.bsf)
Info: ip-generate --project-directory=C:/logica/Lab6/ --output-directory=C:/logica/Lab6/HostSystem/ --report-file=bsf:C:/logica/Lab6/HostSystem.bsf --system-info=DEVICE_FAMILY="Cyclone II" --system-info=DEVICE=EP2C35F672C6 --system-info=DEVICE_SPEEDGRADE=6 --component-file=C:/logica/Lab6/HostSystem.qsys
Progress: Loading Lab6/HostSystem.qsys
Progress: Reading input file
Progress: Adding clk [clock_source 13.0]
Progress: Parameterizing module clk
Progress: Adding memory [altera_avalon_onchip_memory2 13.0.1.99.2]
Progress: Parameterizing module memory
Progress: Adding cpu [altera_nios2_qsys 13.0]
Progress: Parameterizing module cpu
Progress: Adding bram_0 [bram 1.0]
Progress: Parameterizing module bram_0
Progress: Building connections
Progress: Parameterizing connections
Progress: Validating
Progress: Done reading input file
Warning: HostSystem.cpu: No Debugger.  You will not be able to download or debug programs
Info: ip-generate succeeded.
Info: Finished: Create block symbol file (.bsf)
Info: 
Info: Starting: Create HDL design files for synthesis
Info: ip-generate --project-directory=C:/logica/Lab6/ --output-directory=C:/logica/Lab6/HostSystem/synthesis/ --file-set=QUARTUS_SYNTH --report-file=sopcinfo:C:/logica/Lab6/HostSystem.sopcinfo --report-file=html:C:/logica/Lab6/HostSystem.html --report-file=qip:C:/logica/Lab6/HostSystem/synthesis/HostSystem.qip --report-file=cmp:C:/logica/Lab6/HostSystem.cmp --report-file=svd --system-info=DEVICE_FAMILY="Cyclone II" --system-info=DEVICE=EP2C35F672C6 --system-info=DEVICE_SPEEDGRADE=6 --component-file=C:/logica/Lab6/HostSystem.qsys --language=VHDL
Progress: Loading Lab6/HostSystem.qsys
Progress: Reading input file
Progress: Adding clk [clock_source 13.0]
Progress: Parameterizing module clk
Progress: Adding memory [altera_avalon_onchip_memory2 13.0.1.99.2]
Progress: Parameterizing module memory
Progress: Adding cpu [altera_nios2_qsys 13.0]
Progress: Parameterizing module cpu
Progress: Adding bram_0 [bram 1.0]
Progress: Parameterizing module bram_0
Progress: Building connections
Progress: Parameterizing connections
Progress: Validating
Progress: Done reading input file
Warning: HostSystem.cpu: No Debugger.  You will not be able to download or debug programs
Info: HostSystem: Generating HostSystem "HostSystem" for QUARTUS_SYNTH
Info: pipeline_bridge_swap_transform: After transform: 4 modules, 10 connections
Info: No custom instruction connections, skipping transform 
Info: merlin_translator_transform: After transform: 8 modules, 22 connections
Info: merlin_domain_transform: After transform: 15 modules, 56 connections
Info: merlin_router_transform: After transform: 19 modules, 68 connections
Info: merlin_burst_transform: After transform: 20 modules, 71 connections
Info: reset_adaptation_transform: After transform: 21 modules, 73 connections
Info: merlin_network_to_switch_transform: After transform: 28 modules, 89 connections
Info: merlin_width_transform: After transform: 30 modules, 95 connections
Info: merlin_mm_transform: After transform: 30 modules, 95 connections
Info: merlin_interrupt_mapper_transform: After transform: 31 modules, 98 connections
Warning: HostSystem: "No matching role found for rst_controller:reset_out:reset_req (reset_req)"
Warning: HostSystem: "No matching role found for rst_controller:reset_out:reset_req (reset_req)"
Warning: HostSystem: "No matching role found for rst_controller:reset_out:reset_req (reset_req)"
Warning: HostSystem: "No matching role found for rst_controller:reset_out:reset_req (reset_req)"
Warning: HostSystem: "No matching role found for rst_controller:reset_out:reset_req (reset_req)"
Warning: HostSystem: "No matching role found for rst_controller:reset_out:reset_req (reset_req)"
Warning: HostSystem: "No matching role found for rst_controller:reset_out:reset_req (reset_req)"
Warning: HostSystem: "No matching role found for rst_controller:reset_out:reset_req (reset_req)"
Warning: HostSystem: "No matching role found for rst_controller:reset_out:reset_req (reset_req)"
Warning: HostSystem: "No matching role found for rst_controller:reset_out:reset_req (reset_req)"
Warning: HostSystem: "No matching role found for rst_controller:reset_out:reset_req (reset_req)"
Warning: HostSystem: "No matching role found for rst_controller:reset_out:reset_req (reset_req)"
Warning: HostSystem: "No matching role found for rst_controller:reset_out:reset_req (reset_req)"
Warning: HostSystem: "No matching role found for rst_controller:reset_out:reset_req (reset_req)"
Warning: HostSystem: "No matching role found for rst_controller:reset_out:reset_req (reset_req)"
Warning: HostSystem: "No matching role found for rst_controller:reset_out:reset_req (reset_req)"
Warning: HostSystem: "No matching role found for rst_controller:reset_out:reset_req (reset_req)"
Warning: HostSystem: "No matching role found for rst_controller:reset_out:reset_req (reset_req)"
Warning: HostSystem: "No matching role found for rst_controller:reset_out:reset_req (reset_req)"
Warning: HostSystem: "No matching role found for rst_controller:reset_out:reset_req (reset_req)"
Warning: HostSystem: "No matching role found for rst_controller:reset_out:reset_req (reset_req)"
Warning: HostSystem: "No matching role found for rst_controller:reset_out:reset_req (reset_req)"
Warning: HostSystem: "No matching role found for rst_controller:reset_out:reset_req (reset_req)"
Warning: HostSystem: "No matching role found for rst_controller:reset_out:reset_req (reset_req)"
Warning: HostSystem: "No matching role found for rst_controller:reset_out:reset_req (reset_req)"
Warning: HostSystem: "No matching role found for rst_controller:reset_out:reset_req (reset_req)"
Warning: HostSystem: "No matching role found for rst_controller:reset_out:reset_req (reset_req)"
Warning: HostSystem: "No matching role found for rst_controller:reset_out:reset_req (reset_req)"
Info: memory: Starting RTL generation for module 'HostSystem_memory'
Info: memory:   Generation command is [exec C:/altera/13.0sp1/quartus/bin/perl/bin/perl.exe -I C:/altera/13.0sp1/quartus/common/ip/altera/common/perl/5.8.3 -I C:/altera/13.0sp1/quartus/sopc_builder/bin/europa -I C:/altera/13.0sp1/quartus/sopc_builder/bin/perl_lib -I C:/altera/13.0sp1/quartus/sopc_builder/bin -I C:/altera/13.0sp1/quartus/../ip/altera/sopc_builder_ip/common -I C:/altera/13.0sp1/quartus/../ip/altera/sopc_builder_ip/altera_avalon_onchip_memory2 -- C:/altera/13.0sp1/quartus/../ip/altera/sopc_builder_ip/altera_avalon_onchip_memory2/generate_rtl.pl --name=HostSystem_memory --dir=C:/Users/mathe/AppData/Local/Temp/alt9487_2816669818121901414.dir/0080_memory_gen/ --quartus_dir=C:/altera/13.0sp1/quartus --verilog --config=C:/Users/mathe/AppData/Local/Temp/alt9487_2816669818121901414.dir/0080_memory_gen//HostSystem_memory_component_configuration.pl  --do_build_sim=0  ]
Info: memory: Done RTL generation for module 'HostSystem_memory'
Info: memory: "HostSystem" instantiated altera_avalon_onchip_memory2 "memory"
Info: cpu: Starting RTL generation for module 'HostSystem_cpu'
Info: cpu:   Generation command is [exec C:/altera/13.0sp1/quartus/../ip/altera/nios2_ip/altera_nios2/eperl.exe -I C:/altera/13.0sp1/quartus/common/ip/altera/common/perl/5.8.3 -I C:/altera/13.0sp1/quartus/sopc_builder/bin/europa -I C:/altera/13.0sp1/quartus/sopc_builder/bin/perl_lib -I C:/altera/13.0sp1/quartus/sopc_builder/bin -I C:/altera/13.0sp1/quartus/../ip/altera/nios2_ip/altera_nios2/cpu_lib -I C:/altera/13.0sp1/quartus/../ip/altera/nios2_ip/altera_nios2/nios_lib -I C:/altera/13.0sp1/quartus/../ip/altera/nios2_ip/altera_nios2 -I C:/altera/13.0sp1/quartus/../ip/altera/nios2_ip/altera_nios2 -- C:/altera/13.0sp1/quartus/../ip/altera/nios2_ip/altera_nios2/generate_rtl.epl --name=HostSystem_cpu --dir=C:/Users/mathe/AppData/Local/Temp/alt9487_2816669818121901414.dir/0081_cpu_gen/ --quartus_dir=C:/altera/13.0sp1/quartus --verilog --config=C:/Users/mathe/AppData/Local/Temp/alt9487_2816669818121901414.dir/0081_cpu_gen//HostSystem_cpu_processor_configuration.pl  --do_build_sim=0    --bogus  ]
Info: cpu: # 2023.05.10 20:51:21 (*) Starting Nios II generation
Info: cpu: # 2023.05.10 20:51:21 (*)   Checking for plaintext license.
Info: cpu: # 2023.05.10 20:51:22 (*)   Couldn't query license setup in Quartus directory C:/altera/13.0sp1/quartus
Info: cpu: # 2023.05.10 20:51:22 (*)   Defaulting to contents of LM_LICENSE_FILE environment variable
Info: cpu: # 2023.05.10 20:51:22 (*)   LM_LICENSE_FILE environment variable is empty
Info: cpu: # 2023.05.10 20:51:22 (*)   Plaintext license not found.
Info: cpu: # 2023.05.10 20:51:22 (*)   No license required to generate encrypted Nios II/e.
Info: cpu: # 2023.05.10 20:51:22 (*)   Elaborating CPU configuration settings
Info: cpu: # 2023.05.10 20:51:22 (*)   Creating all objects for CPU
Info: cpu: # 2023.05.10 20:51:22 (*)   Generating RTL from CPU objects
Info: cpu: # 2023.05.10 20:51:22 (*)   Creating plain-text RTL
Info: cpu: # 2023.05.10 20:51:22 (*) Done Nios II generation
Info: cpu: Done RTL generation for module 'HostSystem_cpu'
Info: cpu: "HostSystem" instantiated altera_nios2_qsys "cpu"
Info: bram_0: "HostSystem" instantiated bram "bram_0"
Info: cpu_instruction_master_translator: "HostSystem" instantiated altera_merlin_master_translator "cpu_instruction_master_translator"
Info: memory_s1_translator: "HostSystem" instantiated altera_merlin_slave_translator "memory_s1_translator"
Info: cpu_instruction_master_translator_avalon_universal_master_0_agent: "HostSystem" instantiated altera_merlin_master_agent "cpu_instruction_master_translator_avalon_universal_master_0_agent"
Info: memory_s1_translator_avalon_universal_slave_0_agent: "HostSystem" instantiated altera_merlin_slave_agent "memory_s1_translator_avalon_universal_slave_0_agent"
Info: memory_s1_translator_avalon_universal_slave_0_agent_rsp_fifo: "HostSystem" instantiated altera_avalon_sc_fifo "memory_s1_translator_avalon_universal_slave_0_agent_rsp_fifo"
Info: addr_router: "HostSystem" instantiated altera_merlin_router "addr_router"
Info: id_router: "HostSystem" instantiated altera_merlin_router "id_router"
Info: id_router_001: "HostSystem" instantiated altera_merlin_router "id_router_001"
Info: burst_adapter: "HostSystem" instantiated altera_merlin_burst_adapter "burst_adapter"
Info: rst_controller: "HostSystem" instantiated altera_reset_controller "rst_controller"
Info: cmd_xbar_demux: "HostSystem" instantiated altera_merlin_demultiplexer "cmd_xbar_demux"
Info: cmd_xbar_mux: "HostSystem" instantiated altera_merlin_multiplexer "cmd_xbar_mux"
Info: rsp_xbar_mux: "HostSystem" instantiated altera_merlin_multiplexer "rsp_xbar_mux"
Info: Reusing file C:/logica/Lab6/HostSystem/synthesis/submodules/altera_merlin_arbitrator.sv
Info: width_adapter: "HostSystem" instantiated altera_merlin_width_adapter "width_adapter"
Info: Reusing file C:/logica/Lab6/HostSystem/synthesis/submodules/altera_merlin_address_alignment.sv
Info: Reusing file C:/logica/Lab6/HostSystem/synthesis/submodules/altera_merlin_burst_uncompressor.sv
Info: irq_mapper: "HostSystem" instantiated altera_irq_mapper "irq_mapper"
Info: HostSystem: Done HostSystem" with 19 modules, 72 files, 1478127 bytes
Info: ip-generate succeeded.
Info: Finished: Create HDL design files for synthesis
